[24/May/2018 01:23:48] "GET /api/carousel_figure HTTP/1.1" 301 0
[24/May/2018 01:23:48] "GET /api/goals/ HTTP/1.1" 200 2119
[24/May/2018 01:23:48] "GET /api/carousel_figure/ HTTP/1.1" 200 625
[24/May/2018 01:23:48] "GET /api/supervises/ HTTP/1.1" 200 40
[24/May/2018 01:23:48] "GET /media/pic_banner_proverbs_NXb41fs.png HTTP/1.1" 304 0
[24/May/2018 01:23:48] "GET /media/pic_banner_introduce_VQ4NRux.png HTTP/1.1" 304 0
[24/May/2018 01:23:48] "GET /media/pic_banner_excercise_5WI79y9.png HTTP/1.1" 304 0
[24/May/2018 01:23:48] "POST /api/login/ HTTP/1.1" 200 56
[24/May/2018 01:23:50] "GET /api/clocks/ HTTP/1.1" 200 40
[24/May/2018 01:24:02] "GET /api/carousel_figure HTTP/1.1" 301 0
[24/May/2018 01:24:02] "GET /api/supervises/ HTTP/1.1" 200 40
[24/May/2018 01:24:02] "GET /api/goals/ HTTP/1.1" 200 2119
[24/May/2018 01:24:02] "GET /api/carousel_figure/ HTTP/1.1" 200 625
[24/May/2018 01:24:02] "POST /api/login/ HTTP/1.1" 200 56
[24/May/2018 01:24:03] "GET /api/clocks/ HTTP/1.1" 200 40
[24/May/2018 01:41:20] "GET /api/carousel_figure HTTP/1.1" 301 0
[24/May/2018 01:41:20] "GET /api/supervises/ HTTP/1.1" 200 40
[24/May/2018 01:41:20] "GET /api/carousel_figure/ HTTP/1.1" 200 625
[24/May/2018 01:41:20] "GET /api/goals/ HTTP/1.1" 200 2119
[24/May/2018 01:41:21] "POST /api/login/ HTTP/1.1" 200 56
[24/May/2018 01:41:21] "GET /api/clocks/ HTTP/1.1" 200 40
[24/May/2018 01:42:07] "GET /api/carousel_figure HTTP/1.1" 301 0
[24/May/2018 01:42:07] "GET /api/supervises/ HTTP/1.1" 200 40
[24/May/2018 01:42:07] "GET /api/goals/ HTTP/1.1" 200 2119
[24/May/2018 01:42:07] "GET /api/carousel_figure/ HTTP/1.1" 200 625
[24/May/2018 01:42:08] "POST /api/login/ HTTP/1.1" 200 56
[24/May/2018 01:42:08] "GET /api/clocks/ HTTP/1.1" 200 40
[24/May/2018 01:42:19] "GET /api/carousel_figure HTTP/1.1" 301 0
[24/May/2018 01:42:19] "GET /api/supervises/ HTTP/1.1" 200 40
[24/May/2018 01:42:19] "GET /api/goals/ HTTP/1.1" 200 2119
[24/May/2018 01:42:19] "GET /api/carousel_figure/ HTTP/1.1" 200 625
[24/May/2018 01:42:20] "POST /api/login/ HTTP/1.1" 200 56
[24/May/2018 01:42:20] "GET /api/clocks/ HTTP/1.1" 200 40
[24/May/2018 01:42:27] "GET /api/carousel_figure HTTP/1.1" 301 0
[24/May/2018 01:42:27] "GET /api/supervises/ HTTP/1.1" 200 40
[24/May/2018 01:42:27] "GET /api/goals/ HTTP/1.1" 200 2119
[24/May/2018 01:42:27] "GET /api/carousel_figure/ HTTP/1.1" 200 625
[24/May/2018 01:42:27] "POST /api/login/ HTTP/1.1" 200 56
[24/May/2018 01:42:27] "GET /api/clocks/ HTTP/1.1" 200 40
[24/May/2018 01:44:03] "GET /api/carousel_figure HTTP/1.1" 301 0
[24/May/2018 01:44:03] "GET /api/supervises/ HTTP/1.1" 200 40
[24/May/2018 01:44:04] "GET /api/goals/ HTTP/1.1" 200 2119
[24/May/2018 01:44:04] "GET /api/carousel_figure/ HTTP/1.1" 200 625
[24/May/2018 01:44:04] "POST /api/login/ HTTP/1.1" 200 56
[24/May/2018 01:44:05] "GET /api/clocks/ HTTP/1.1" 200 40
[24/May/2018 01:44:32] "GET /api/carousel_figure HTTP/1.1" 301 0
[24/May/2018 01:44:32] "GET /api/supervises/ HTTP/1.1" 200 40
[24/May/2018 01:44:32] "GET /api/carousel_figure/ HTTP/1.1" 200 625
[24/May/2018 01:44:32] "GET /api/goals/ HTTP/1.1" 200 2119
[24/May/2018 01:44:33] "POST /api/login/ HTTP/1.1" 200 56
[24/May/2018 01:44:33] "GET /api/clocks/ HTTP/1.1" 200 40
[24/May/2018 01:45:48] "GET /api/carousel_figure HTTP/1.1" 301 0
[24/May/2018 01:45:48] "GET /api/supervises/ HTTP/1.1" 200 40
[24/May/2018 01:45:48] "GET /api/goals/ HTTP/1.1" 200 2119
[24/May/2018 01:45:48] "GET /api/carousel_figure/ HTTP/1.1" 200 625
[24/May/2018 01:45:48] "POST /api/login/ HTTP/1.1" 200 56
[24/May/2018 01:45:49] "GET /api/clocks/ HTTP/1.1" 200 40
[24/May/2018 01:46:21] "GET /api/carousel_figure HTTP/1.1" 301 0
[24/May/2018 01:46:21] "GET /api/supervises/ HTTP/1.1" 200 40
[24/May/2018 01:46:21] "GET /api/goals/ HTTP/1.1" 200 2119
[24/May/2018 01:46:21] "GET /api/carousel_figure/ HTTP/1.1" 200 625
[24/May/2018 01:46:22] "POST /api/login/ HTTP/1.1" 200 56
[24/May/2018 01:46:23] "GET /api/clocks/ HTTP/1.1" 200 40
[24/May/2018 01:46:34] "GET /api/carousel_figure HTTP/1.1" 301 0
[24/May/2018 01:46:34] "GET /api/supervises/ HTTP/1.1" 200 40
[24/May/2018 01:46:34] "GET /api/goals/ HTTP/1.1" 200 2119
[24/May/2018 01:46:34] "GET /api/carousel_figure/ HTTP/1.1" 200 625
[24/May/2018 01:46:34] "POST /api/login/ HTTP/1.1" 200 56
[24/May/2018 01:46:37] "GET /api/carousel_figure HTTP/1.1" 301 0
[24/May/2018 01:46:37] "GET /api/supervises/ HTTP/1.1" 200 40
[24/May/2018 01:46:38] "GET /api/goals/ HTTP/1.1" 200 2119
[24/May/2018 01:46:38] "GET /api/carousel_figure/ HTTP/1.1" 200 625
[24/May/2018 01:46:38] "POST /api/login/ HTTP/1.1" 200 56
[24/May/2018 01:46:39] "GET /api/clocks/ HTTP/1.1" 200 40
[24/May/2018 01:46:54] "GET /api/carousel_figure HTTP/1.1" 301 0
[24/May/2018 01:46:54] "GET /api/supervises/ HTTP/1.1" 200 40
[24/May/2018 01:46:54] "GET /api/goals/ HTTP/1.1" 200 2119
[24/May/2018 01:46:54] "GET /api/carousel_figure/ HTTP/1.1" 200 625
[24/May/2018 01:46:55] "POST /api/login/ HTTP/1.1" 200 56
[24/May/2018 01:46:55] "GET /api/clocks/ HTTP/1.1" 200 40
[24/May/2018 01:47:06] "GET /api/carousel_figure HTTP/1.1" 301 0
[24/May/2018 01:47:06] "GET /api/supervises/ HTTP/1.1" 200 40
[24/May/2018 01:47:06] "GET /api/goals/ HTTP/1.1" 200 2119
[24/May/2018 01:47:06] "GET /api/carousel_figure/ HTTP/1.1" 200 625
[24/May/2018 01:47:06] "POST /api/login/ HTTP/1.1" 200 56
[24/May/2018 01:47:07] "GET /api/clocks/ HTTP/1.1" 200 40
[24/May/2018 01:47:15] "GET /api/carousel_figure HTTP/1.1" 301 0
[24/May/2018 01:47:15] "GET /api/supervises/ HTTP/1.1" 200 40
[24/May/2018 01:47:15] "GET /api/carousel_figure/ HTTP/1.1" 200 625
[24/May/2018 01:47:15] "GET /api/goals/ HTTP/1.1" 200 2119
[24/May/2018 01:47:16] "POST /api/login/ HTTP/1.1" 200 56
[24/May/2018 01:47:16] "GET /api/clocks/ HTTP/1.1" 200 40
[24/May/2018 01:47:23] "GET /api/carousel_figure HTTP/1.1" 301 0
[24/May/2018 01:47:23] "GET /api/supervises/ HTTP/1.1" 200 40
[24/May/2018 01:47:23] "GET /api/carousel_figure/ HTTP/1.1" 200 625
[24/May/2018 01:47:23] "GET /api/goals/ HTTP/1.1" 200 2119
[24/May/2018 01:47:23] "POST /api/login/ HTTP/1.1" 200 56
[24/May/2018 01:47:24] "GET /api/clocks/ HTTP/1.1" 200 40
[24/May/2018 01:49:47] "GET /api/carousel_figure HTTP/1.1" 301 0
[24/May/2018 01:49:47] "GET /api/supervises/ HTTP/1.1" 200 40
[24/May/2018 01:49:47] "GET /api/carousel_figure/ HTTP/1.1" 200 625
[24/May/2018 01:49:47] "GET /api/goals/ HTTP/1.1" 200 2119
[24/May/2018 01:49:48] "POST /api/login/ HTTP/1.1" 200 56
[24/May/2018 01:49:49] "GET /api/clocks/ HTTP/1.1" 200 40
[24/May/2018 01:52:36] "GET /admin/ HTTP/1.1" 200 8925
[24/May/2018 01:52:36] "GET /static/admin/css/base.css HTTP/1.1" 200 16106
[24/May/2018 01:52:36] "GET /static/admin/css/responsive.css HTTP/1.1" 200 17894
[24/May/2018 01:52:36] "GET /static/admin/css/dashboard.css HTTP/1.1" 200 412
[24/May/2018 01:52:36] "GET /static/admin/css/fonts.css HTTP/1.1" 200 423
[24/May/2018 01:52:36] "GET /static/admin/img/icon-addlink.svg HTTP/1.1" 200 331
[24/May/2018 01:52:36] "GET /static/admin/fonts/Roboto-Regular-webfont.woff HTTP/1.1" 200 80304
[24/May/2018 01:52:36] "GET /static/admin/fonts/Roboto-Bold-webfont.woff HTTP/1.1" 200 82564
[24/May/2018 01:52:36] "GET /static/admin/fonts/Roboto-Light-webfont.woff HTTP/1.1" 200 81348
[24/May/2018 01:52:36] "GET /static/admin/img/icon-changelink.svg HTTP/1.1" 200 380
Not Found: /favicon.ico
[24/May/2018 01:52:36] "GET /favicon.ico HTTP/1.1" 404 2212
[24/May/2018 01:52:37] "GET /admin/authtoken/token/ HTTP/1.1" 200 5630
[24/May/2018 01:52:37] "GET /static/admin/css/changelists.css HTTP/1.1" 200 6170
[24/May/2018 01:52:37] "GET /static/admin/js/jquery.init.js HTTP/1.1" 200 363
[24/May/2018 01:52:37] "GET /admin/jsi18n/ HTTP/1.1" 200 3185
[24/May/2018 01:52:37] "GET /static/admin/js/core.js HTTP/1.1" 200 7134
[24/May/2018 01:52:37] "GET /static/admin/js/admin/RelatedObjectLookups.js HTTP/1.1" 200 6897
[24/May/2018 01:52:37] "GET /static/admin/js/vendor/jquery/jquery.js HTTP/1.1" 200 258648
[24/May/2018 01:52:37] "GET /static/admin/js/actions.js HTTP/1.1" 200 6502
[24/May/2018 01:52:37] "GET /static/admin/js/prepopulate.js HTTP/1.1" 200 1538
[24/May/2018 01:52:37] "GET /static/admin/js/urlify.js HTTP/1.1" 200 8729
[24/May/2018 01:52:37] "GET /static/admin/js/vendor/xregexp/xregexp.js HTTP/1.1" 200 128820
[24/May/2018 01:52:37] "GET /static/admin/img/sorting-icons.svg HTTP/1.1" 200 1097
[24/May/2018 01:52:37] "GET /static/admin/img/tooltag-add.svg HTTP/1.1" 200 331
[24/May/2018 01:52:45] "GET /api/carousel_figure HTTP/1.1" 301 0
[24/May/2018 01:52:53] "GET /api/carousel_figure/ HTTP/1.1" 200 625
[24/May/2018 01:55:44] "GET /api/carousel_figure/ HTTP/1.1" 200 625
[24/May/2018 01:55:58] "GET /api/carousel_figure/ HTTP/1.1" 200 625
[24/May/2018 01:57:29] "GET /api/goals/ HTTP/1.1" 200 2119
[24/May/2018 01:59:41] "GET /api/wallet/ HTTP/1.1" 200 67
[24/May/2018 01:59:49] "GET /api/supervises/ HTTP/1.1" 200 40
[24/May/2018 02:00:36] "GET /api/transaction_records/ HTTP/1.1" 200 796
[24/May/2018 02:01:13] "GET /api/clocks/ HTTP/1.1" 200 40
[24/May/2018 02:02:21] "GET /api/carousel_figure HTTP/1.1" 301 0
[24/May/2018 02:02:21] "GET /api/supervises/ HTTP/1.1" 200 40
[24/May/2018 02:02:21] "GET /api/carousel_figure/ HTTP/1.1" 200 625
[24/May/2018 02:02:21] "GET /api/goals/ HTTP/1.1" 200 2119
[24/May/2018 02:02:22] "POST /api/login/ HTTP/1.1" 200 56
[24/May/2018 02:04:02] "POST /api/acknowledgements/ HTTP/1.1" 200 83
[24/May/2018 02:08:30] "DELETE /api/goals/3/ HTTP/1.1" 200 54
[24/May/2018 02:08:35] "GET /api/carousel_figure HTTP/1.1" 301 0
[24/May/2018 02:08:35] "GET /api/supervises/ HTTP/1.1" 200 40
[24/May/2018 02:08:35] "GET /api/carousel_figure/ HTTP/1.1" 200 625
[24/May/2018 02:08:35] "GET /api/goals/ HTTP/1.1" 200 1771
[24/May/2018 02:08:35] "POST /api/login/ HTTP/1.1" 200 56
[24/May/2018 02:09:57] "POST /api/supervises/ HTTP/1.1" 200 59
[24/May/2018 02:10:14] "POST /api/supervises/ HTTP/1.1" 200 59
[24/May/2018 02:11:12] "GET /api/goals/ HTTP/1.1" 200 1483
[24/May/2018 02:11:26] "POST /api/supervises/ HTTP/1.1" 200 59
[24/May/2018 02:12:48] "POST /api/supervises/ HTTP/1.1" 200 357
[24/May/2018 02:12:54] "GET /api/carousel_figure HTTP/1.1" 301 0
[24/May/2018 02:12:54] "GET /api/supervises/ HTTP/1.1" 200 359
[24/May/2018 02:12:54] "GET /api/goals/ HTTP/1.1" 200 1771
[24/May/2018 02:12:54] "GET /api/carousel_figure/ HTTP/1.1" 200 625
[24/May/2018 02:12:55] "POST /api/login/ HTTP/1.1" 200 56
[24/May/2018 02:13:10] "POST /api/supervises/ HTTP/1.1" 200 357
[24/May/2018 02:13:14] "POST /api/supervises/ HTTP/1.1" 200 357
[24/May/2018 02:13:17] "POST /api/supervises/ HTTP/1.1" 200 357
[24/May/2018 02:13:20] "GET /api/carousel_figure HTTP/1.1" 301 0
[24/May/2018 02:13:20] "GET /api/goals/ HTTP/1.1" 200 1771
[24/May/2018 02:13:20] "GET /api/carousel_figure/ HTTP/1.1" 200 625
[24/May/2018 02:13:20] "GET /api/supervises/ HTTP/1.1" 200 1319
Performing system checks...

System check identified no issues (0 silenced).
May 23, 2018 - 13:12:31
Django version 2.0.4, using settings 'Achievegoals.settings'
Starting development server at http://0.0.0.0:8080/
Quit the server with CONTROL-C.
{'code': '0115MfbN13fmU41gJfbN1H5XaN15MfbC', 'userImg': 'https://wx.qlogo.cn/mmopen/vi_32/Q0j4TwGTfTKiaNDFLxRqCJb4U1V0gAX6ycsKwvGEaBCukJicnGJE8f6rnIkeZCu642HiaRICFLIJPlHztAODZZ77w/132', 'userName': 'Rotl'}
https://api.weixin.qq.com/sns/jscode2session?appid=wxed0b5e2f6f2b7361&secret=5c0b1ba0dd2b57cd3d81dac2932d1b22&js_code=0115MfbN13fmU41gJfbN1H5XaN15MfbC&grant_type=authorization_code
{'code': '071GgqLN1arzb31w5QKN1o8hLN1GgqLb', 'userImg': 'https://wx.qlogo.cn/mmopen/vi_32/Q0j4TwGTfTKiaNDFLxRqCJb4U1V0gAX6ycsKwvGEaBCukJicnGJE8f6rnIkeZCu642HiaRICFLIJPlHztAODZZ77w/132', 'userName': 'Rotl'}
https://api.weixin.qq.com/sns/jscode2session?appid=wxed0b5e2f6f2b7361&secret=5c0b1ba0dd2b57cd3d81dac2932d1b22&js_code=071GgqLN1arzb31w5QKN1o8hLN1GgqLb&grant_type=authorization_code
{'code': '021VXPUU0jmeoV1n9sXU0oTPUU0VXPUC', 'userImg': 'https://wx.qlogo.cn/mmopen/vi_32/Q0j4TwGTfTKiaNDFLxRqCJb4U1V0gAX6ycsKwvGEaBCukJicnGJE8f6rnIkeZCu642HiaRICFLIJPlHztAODZZ77w/132', 'userName': 'Rotl'}
https://api.weixin.qq.com/sns/jscode2session?appid=wxed0b5e2f6f2b7361&secret=5c0b1ba0dd2b57cd3d81dac2932d1b22&js_code=021VXPUU0jmeoV1n9sXU0oTPUU0VXPUC&grant_type=authorization_code
{'code': '021MbBKD075Ngc2lePMD00awKD0MbBKq', 'userImg': 'https://wx.qlogo.cn/mmopen/vi_32/Q0j4TwGTfTKiaNDFLxRqCJb4U1V0gAX6ycsKwvGEaBCukJicnGJE8f6rnIkeZCu642HiaRICFLIJPlHztAODZZ77w/132', 'userName': 'Rotl'}
https://api.weixin.qq.com/sns/jscode2session?appid=wxed0b5e2f6f2b7361&secret=5c0b1ba0dd2b57cd3d81dac2932d1b22&js_code=021MbBKD075Ngc2lePMD00awKD0MbBKq&grant_type=authorization_code
{'code': '021E9x6U1tUZUV0qAK8U1SXg6U1E9x6T', 'userImg': 'https://wx.qlogo.cn/mmopen/vi_32/Q0j4TwGTfTKiaNDFLxRqCJb4U1V0gAX6ycsKwvGEaBCukJicnGJE8f6rnIkeZCu642HiaRICFLIJPlHztAODZZ77w/132', 'userName': 'Rotl'}
https://api.weixin.qq.com/sns/jscode2session?appid=wxed0b5e2f6f2b7361&secret=5c0b1ba0dd2b57cd3d81dac2932d1b22&js_code=021E9x6U1tUZUV0qAK8U1SXg6U1E9x6T&grant_type=authorization_code
{'code': '021k4gbj0v61ao1vfebj0NBgbj0k4gbG', 'userImg': 'https://wx.qlogo.cn/mmopen/vi_32/Q0j4TwGTfTKiaNDFLxRqCJb4U1V0gAX6ycsKwvGEaBCukJicnGJE8f6rnIkeZCu642HiaRICFLIJPlHztAODZZ77w/132', 'userName': 'Rotl'}
https://api.weixin.qq.com/sns/jscode2session?appid=wxed0b5e2f6f2b7361&secret=5c0b1ba0dd2b57cd3d81dac2932d1b22&js_code=021k4gbj0v61ao1vfebj0NBgbj0k4gbG&grant_type=authorization_code
{'code': '011bjyJd28jvVC0HCXGd2nJmJd2bjyJa', 'userImg': 'https://wx.qlogo.cn/mmopen/vi_32/Q0j4TwGTfTKiaNDFLxRqCJb4U1V0gAX6ycsKwvGEaBCukJicnGJE8f6rnIkeZCu642HiaRICFLIJPlHztAODZZ77w/132', 'userName': 'Rotl'}
https://api.weixin.qq.com/sns/jscode2session?appid=wxed0b5e2f6f2b7361&secret=5c0b1ba0dd2b57cd3d81dac2932d1b22&js_code=011bjyJd28jvVC0HCXGd2nJmJd2bjyJa&grant_type=authorization_code
{'code': '0010vGmS1AJWN71fgVlS1f8SmS10vGmh', 'userImg': 'https://wx.qlogo.cn/mmopen/vi_32/Q0j4TwGTfTKiaNDFLxRqCJb4U1V0gAX6ycsKwvGEaBCukJicnGJE8f6rnIkeZCu642HiaRICFLIJPlHztAODZZ77w/132', 'userName': 'Rotl'}
https://api.weixin.qq.com/sns/jscode2session?appid=wxed0b5e2f6f2b7361&secret=5c0b1ba0dd2b57cd3d81dac2932d1b22&js_code=0010vGmS1AJWN71fgVlS1f8SmS10vGmh&grant_type=authorization_code
{'code': '021QCr4N1IMxN41Qb94N1Ake4N1QCr4z', 'userImg': 'https://wx.qlogo.cn/mmopen/vi_32/Q0j4TwGTfTKiaNDFLxRqCJb4U1V0gAX6ycsKwvGEaBCukJicnGJE8f6rnIkeZCu642HiaRICFLIJPlHztAODZZ77w/132', 'userName': 'Rotl'}
https://api.weixin.qq.com/sns/jscode2session?appid=wxed0b5e2f6f2b7361&secret=5c0b1ba0dd2b57cd3d81dac2932d1b22&js_code=021QCr4N1IMxN41Qb94N1Ake4N1QCr4z&grant_type=authorization_code
{'code': '011TNKLl02PbWj1I9JIl0LW1Ml0TNKLY', 'userImg': 'https://wx.qlogo.cn/mmopen/vi_32/Q0j4TwGTfTKiaNDFLxRqCJb4U1V0gAX6ycsKwvGEaBCukJicnGJE8f6rnIkeZCu642HiaRICFLIJPlHztAODZZ77w/132', 'userName': 'Rotl'}
https://api.weixin.qq.com/sns/jscode2session?appid=wxed0b5e2f6f2b7361&secret=5c0b1ba0dd2b57cd3d81dac2932d1b22&js_code=011TNKLl02PbWj1I9JIl0LW1Ml0TNKLY&grant_type=authorization_code
{'code': '021yLwrt0Sa5Yd1hoRqt05qFrt0yLwrw', 'userImg': 'https://wx.qlogo.cn/mmopen/vi_32/Q0j4TwGTfTKiaNDFLxRqCJb4U1V0gAX6ycsKwvGEaBCukJicnGJE8f6rnIkeZCu642HiaRICFLIJPlHztAODZZ77w/132', 'userName': 'Rotl'}
https://api.weixin.qq.com/sns/jscode2session?appid=wxed0b5e2f6f2b7361&secret=5c0b1ba0dd2b57cd3d81dac2932d1b22&js_code=021yLwrt0Sa5Yd1hoRqt05qFrt0yLwrw&grant_type=authorization_code
{'code': '061s3wwK1fa0c50N2oxK1GbJwK1s3wwk', 'userImg': 'https://wx.qlogo.cn/mmopen/vi_32/Q0j4TwGTfTKiaNDFLxRqCJb4U1V0gAX6ycsKwvGEaBCukJicnGJE8f6rnIkeZCu642HiaRICFLIJPlHztAODZZ77w/132', 'userName': 'Rotl'}
https://api.weixin.qq.com/sns/jscode2session?appid=wxed0b5e2f6f2b7361&secret=5c0b1ba0dd2b57cd3d81dac2932d1b22&js_code=061s3wwK1fa0c50N2oxK1GbJwK1s3wwk&grant_type=authorization_code
{'code': '001OyYqg1qF09y0SC7tg1QFXqg1OyYqi', 'userImg': 'https://wx.qlogo.cn/mmopen/vi_32/Q0j4TwGTfTKiaNDFLxRqCJb4U1V0gAX6ycsKwvGEaBCukJicnGJE8f6rnIkeZCu642HiaRICFLIJPlHztAODZZ77w/132', 'userName': 'Rotl'}
https://api.weixin.qq.com/sns/jscode2session?appid=wxed0b5e2f6f2b7361&secret=5c0b1ba0dd2b57cd3d81dac2932d1b22&js_code=001OyYqg1qF09y0SC7tg1QFXqg1OyYqi&grant_type=authorization_code
{'code': '011JZOD5064tZK1KfjD50FQ0E50JZODK', 'userImg': 'https://wx.qlogo.cn/mmopen/vi_32/Q0j4TwGTfTKiaNDFLxRqCJb4U1V0gAX6ycsKwvGEaBCukJicnGJE8f6rnIkeZCu642HiaRICFLIJPlHztAODZZ77w/132', 'userName': 'Rotl'}
https://api.weixin.qq.com/sns/jscode2session?appid=wxed0b5e2f6f2b7361&secret=5c0b1ba0dd2b57cd3d81dac2932d1b22&js_code=011JZOD5064tZK1KfjD50FQ0E50JZODK&grant_type=authorization_code
{'code': '071yVfOD1Bfq2300GQLD1x4sOD1yVfOu', 'userImg': 'https://wx.qlogo.cn/mmopen/vi_32/Q0j4TwGTfTKiaNDFLxRqCJb4U1V0gAX6ycsKwvGEaBCukJicnGJE8f6rnIkeZCu642HiaRICFLIJPlHztAODZZ77w/132', 'userName': 'Rotl'}
https://api.weixin.qq.com/sns/jscode2session?appid=wxed0b5e2f6f2b7361&secret=5c0b1ba0dd2b57cd3d81dac2932d1b22&js_code=071yVfOD1Bfq2300GQLD1x4sOD1yVfOu&grant_type=authorization_code
{'code': '021chKN81D5H5R1SQfN81aHEN81chKN5', 'userImg': 'https://wx.qlogo.cn/mmopen/vi_32/Q0j4TwGTfTKiaNDFLxRqCJb4U1V0gAX6ycsKwvGEaBCukJicnGJE8f6rnIkeZCu642HiaRICFLIJPlHztAODZZ77w/132', 'userName': 'Rotl'}
https://api.weixin.qq.com/sns/jscode2session?appid=wxed0b5e2f6f2b7361&secret=5c0b1ba0dd2b57cd3d81dac2932d1b22&js_code=021chKN81D5H5R1SQfN81aHEN81chKN5&grant_type=authorization_code
{'code': '071VQ3c91LHWsR1uKHb919wfc91VQ3cE', 'userImg': 'https://wx.qlogo.cn/mmopen/vi_32/Q0j4TwGTfTKiaNDFLxRqCJb4U1V0gAX6ycsKwvGEaBCukJicnGJE8f6rnIkeZCu642HiaRICFLIJPlHztAODZZ77w/132', 'userName': 'Rotl'}
https://api.weixin.qq.com/sns/jscode2session?appid=wxed0b5e2f6f2b7361&secret=5c0b1ba0dd2b57cd3d81dac2932d1b22&js_code=071VQ3c91LHWsR1uKHb919wfc91VQ3cE&grant_type=authorization_code
{'code': '071S86350fEBnK1gsA3500k3350S863Q', 'userImg': 'https://wx.qlogo.cn/mmopen/vi_32/Q0j4TwGTfTKiaNDFLxRqCJb4U1V0gAX6ycsKwvGEaBCukJicnGJE8f6rnIkeZCu642HiaRICFLIJPlHztAODZZ77w/132', 'userName': 'Rotl'}
https://api.weixin.qq.com/sns/jscode2session?appid=wxed0b5e2f6f2b7361&secret=5c0b1ba0dd2b57cd3d81dac2932d1b22&js_code=071S86350fEBnK1gsA3500k3350S863Q&grant_type=authorization_code
{'code': '001SLU7z0XYYqh1aSY8z0GN58z0SLU7m', 'userImg': 'https://wx.qlogo.cn/mmopen/vi_32/Q0j4TwGTfTKiaNDFLxRqCJb4U1V0gAX6ycsKwvGEaBCukJicnGJE8f6rnIkeZCu642HiaRICFLIJPlHztAODZZ77w/132', 'userName': 'Rotl'}
https://api.weixin.qq.com/sns/jscode2session?appid=wxed0b5e2f6f2b7361&secret=5c0b1ba0dd2b57cd3d81dac2932d1b22&js_code=001SLU7z0XYYqh1aSY8z0GN58z0SLU7m&grant_type=authorization_code
{'code': '0018jLJM1651u41JhXLM1vBTJM18jLJV', 'userImg': 'https://wx.qlogo.cn/mmopen/vi_32/Q0j4TwGTfTKiaNDFLxRqCJb4U1V0gAX6ycsKwvGEaBCukJicnGJE8f6rnIkeZCu642HiaRICFLIJPlHztAODZZ77w/132', 'userName': 'Rotl'}
https://api.weixin.qq.com/sns/jscode2session?appid=wxed0b5e2f6f2b7361&secret=5c0b1ba0dd2b57cd3d81dac2932d1b22&js_code=0018jLJM1651u41JhXLM1vBTJM18jLJV&grant_type=authorization_code
{'code': '071kQ6S010Go1Z1fa2P01SL2S01kQ6Sb', 'userImg': 'https://wx.qlogo.cn/mmopen/vi_32/Q0j4TwGTfTKiaNDFLxRqCJb4U1V0gAX6ycsKwvGEaBCukJicnGJE8f6rnIkeZCu642HiaRICFLIJPlHztAODZZ77w/132', 'userName': 'Rotl'}
https://api.weixin.qq.com/sns/jscode2session?appid=wxed0b5e2f6f2b7361&secret=5c0b1ba0dd2b57cd3d81dac2932d1b22&js_code=071kQ6S010Go1Z1fa2P01SL2S01kQ6Sb&grant_type=authorization_code[24/May/2018 02:13:21] "POST /api/login/ HTTP/1.1" 200 56
[24/May/2018 02:13:39] "GET /api/supervises/ HTTP/1.1" 200 1319
[24/May/2018 02:14:07] "GET /api/goals/ HTTP/1.1" 200 1771
[24/May/2018 02:14:40] "GET /api/carousel_figure HTTP/1.1" 301 0
[24/May/2018 02:14:40] "GET /api/carousel_figure/ HTTP/1.1" 200 625
[24/May/2018 02:14:40] "GET /api/supervises/ HTTP/1.1" 200 1319
[24/May/2018 02:14:40] "GET /api/goals/ HTTP/1.1" 200 1771
[24/May/2018 02:14:40] "POST /api/login/ HTTP/1.1" 200 56
[24/May/2018 02:15:46] "GET /api/carousel_figure HTTP/1.1" 301 0
[24/May/2018 02:15:47] "GET /api/goals/ HTTP/1.1" 200 1771
[24/May/2018 02:15:47] "GET /api/carousel_figure/ HTTP/1.1" 200 625
[24/May/2018 02:15:49] "GET /api/supervises/ HTTP/1.1" 200 1319
Internal Server Error: /api/login/
Traceback (most recent call last):
  File "/usr/local/lib64/python3.6/site-packages/django/core/handlers/exception.py", line 35, in inner
    response = get_response(request)
  File "/usr/local/lib64/python3.6/site-packages/django/core/handlers/base.py", line 158, in _get_response
    response = self.process_exception_by_middleware(e, request)
  File "/usr/local/lib64/python3.6/site-packages/django/core/handlers/base.py", line 156, in _get_response
    response = response.render()
  File "/usr/local/lib64/python3.6/site-packages/django/template/response.py", line 106, in render
    self.content = self.rendered_content
  File "/home/xwb/.local/lib/python3.6/site-packages/rest_framework/response.py", line 72, in rendered_content
    ret = renderer.render(self.data, accepted_media_type, context)
  File "/home/xwb/.local/lib/python3.6/site-packages/rest_framework/renderers.py", line 105, in render
    allow_nan=not self.strict, separators=separators
  File "/home/xwb/.local/lib/python3.6/site-packages/rest_framework/utils/json.py", line 28, in dumps
    return json.dumps(*args, **kwargs)
  File "/usr/lib64/python3.6/json/__init__.py", line 238, in dumps
    **kw).encode(obj)
  File "/usr/lib64/python3.6/json/encoder.py", line 199, in encode
    chunks = self.iterencode(o, _one_shot=True)
  File "/usr/lib64/python3.6/json/encoder.py", line 257, in iterencode
    return _iterencode(o, 0)
  File "/home/xwb/.local/lib/python3.6/site-packages/rest_framework/utils/encoders.py", line 68, in default
    return super(JSONEncoder, self).default(obj)
  File "/usr/lib64/python3.6/json/encoder.py", line 180, in default
    o.__class__.__name__)
TypeError: Object of type 'MaxRetryError' is not JSON serializable
[24/May/2018 02:15:49] "POST /api/login/ HTTP/1.1" 500 105242
[24/May/2018 02:15:55] "GET /api/carousel_figure HTTP/1.1" 301 0
[24/May/2018 02:15:55] "GET /api/goals/ HTTP/1.1" 200 1771
[24/May/2018 02:15:55] "GET /api/carousel_figure/ HTTP/1.1" 200 625
[24/May/2018 02:15:55] "GET /api/supervises/ HTTP/1.1" 200 1319
[24/May/2018 02:16:05] "POST /api/login/ HTTP/1.1" 200 56
/usr/local/lib64/python3.6/site-packages/django/db/models/fields/__init__.py:1423: RuntimeWarning: DateTimeField Goal.finishedTime received a naive datetime (2018-05-24 00:00:00) while time zone support is active.
  RuntimeWarning)
[24/May/2018 02:16:14] "POST /api/goals/ HTTP/1.1" 200 417
[24/May/2018 02:16:14] "POST /api/transaction_records/ HTTP/1.1" 200 164
[24/May/2018 02:16:14] "GET /api/goals/11/ HTTP/1.1" 200 426
[24/May/2018 02:16:17] "GET /api/carousel_figure HTTP/1.1" 301 0
[24/May/2018 02:16:17] "GET /api/goals/ HTTP/1.1" 200 2160
[24/May/2018 02:16:17] "GET /api/carousel_figure/ HTTP/1.1" 200 625
[24/May/2018 02:16:17] "GET /api/supervises/ HTTP/1.1" 200 1319
[24/May/2018 02:16:18] "POST /api/login/ HTTP/1.1" 200 56
[24/May/2018 02:16:27] "GET /api/carousel_figure HTTP/1.1" 301 0
[24/May/2018 02:16:27] "GET /api/carousel_figure/ HTTP/1.1" 200 625
[24/May/2018 02:16:27] "GET /api/goals/ HTTP/1.1" 200 2160
[24/May/2018 02:16:27] "GET /api/supervises/ HTTP/1.1" 200 1319
[24/May/2018 02:16:28] "POST /api/login/ HTTP/1.1" 200 56
[24/May/2018 02:16:49] "POST /api/transaction_records/ HTTP/1.1" 200 164
[24/May/2018 02:16:50] "POST /api/goals/ HTTP/1.1" 200 420
[24/May/2018 02:16:50] "GET /api/goals/12/ HTTP/1.1" 200 429
[24/May/2018 02:16:52] "GET /api/carousel_figure HTTP/1.1" 301 0
[24/May/2018 02:16:52] "GET /api/goals/ HTTP/1.1" 200 2552
[24/May/2018 02:16:52] "GET /api/supervises/ HTTP/1.1" 200 1319
[24/May/2018 02:16:52] "GET /api/carousel_figure/ HTTP/1.1" 200 625
[24/May/2018 02:16:53] "POST /api/login/ HTTP/1.1" 200 56
[24/May/2018 02:16:56] "GET /api/carousel_figure HTTP/1.1" 301 0
[24/May/2018 02:16:56] "GET /api/supervises/ HTTP/1.1" 200 1319
[24/May/2018 02:16:56] "GET /api/carousel_figure/ HTTP/1.1" 200 625
[24/May/2018 02:16:56] "GET /api/goals/ HTTP/1.1" 200 2552
[24/May/2018 02:16:56] "POST /api/login/ HTTP/1.1" 200 56
[24/May/2018 02:17:55] "POST /api/supervises/ HTTP/1.1" 200 344
[24/May/2018 02:17:59] "POST /api/supervises/ HTTP/1.1" 200 344
[24/May/2018 02:18:05] "GET /api/carousel_figure HTTP/1.1" 301 0
[24/May/2018 02:18:05] "GET /api/supervises/ HTTP/1.1" 200 1319
[24/May/2018 02:18:05] "GET /api/goals/ HTTP/1.1" 200 2948
[24/May/2018 02:18:05] "GET /api/carousel_figure/ HTTP/1.1" 200 625
[24/May/2018 02:18:06] "POST /api/login/ HTTP/1.1" 200 56
[24/May/2018 02:18:18] "GET /api/supervises/ HTTP/1.1" 200 1319
[24/May/2018 02:19:36] "GET /api/carousel_figure HTTP/1.1" 301 0
[24/May/2018 02:19:36] "GET /api/goals/ HTTP/1.1" 200 2948
[24/May/2018 02:19:36] "GET /api/carousel_figure/ HTTP/1.1" 200 625
[24/May/2018 02:19:36] "GET /api/supervises/ HTTP/1.1" 200 1319
[24/May/2018 02:19:37] "POST /api/login/ HTTP/1.1" 200 56
[24/May/2018 02:19:42] "GET /api/supervises/ HTTP/1.1" 200 1319
[24/May/2018 02:19:46] "GET /api/goals/ HTTP/1.1" 200 2948
[24/May/2018 02:19:55] "GET /api/supervises/ HTTP/1.1" 200 1319
[24/May/2018 02:20:25] "GET /api/goals/ HTTP/1.1" 200 2948
[24/May/2018 02:22:07] "GET /api/carousel_figure HTTP/1.1" 301 0
[24/May/2018 02:22:07] "GET /api/carousel_figure/ HTTP/1.1" 200 625
[24/May/2018 02:22:07] "GET /api/supervises/ HTTP/1.1" 200 1319
[24/May/2018 02:22:07] "GET /api/goals/ HTTP/1.1" 200 2948
[24/May/2018 02:22:07] "POST /api/login/ HTTP/1.1" 200 56
[24/May/2018 02:22:22] "GET /api/carousel_figure HTTP/1.1" 301 0
[24/May/2018 02:22:22] "GET /api/carousel_figure/ HTTP/1.1" 200 625
[24/May/2018 02:22:22] "GET /api/supervises/ HTTP/1.1" 200 1319
[24/May/2018 02:22:22] "GET /api/goals/ HTTP/1.1" 200 2948
[24/May/2018 02:22:22] "POST /api/login/ HTTP/1.1" 200 56
[24/May/2018 02:22:23] "GET /api/goals/ HTTP/1.1" 200 2948
[24/May/2018 02:22:46] "GET /api/carousel_figure HTTP/1.1" 301 0
[24/May/2018 02:22:46] "GET /api/supervises/ HTTP/1.1" 200 1319
[24/May/2018 02:22:46] "GET /api/goals/ HTTP/1.1" 200 2948
[24/May/2018 02:22:46] "GET /api/carousel_figure/ HTTP/1.1" 200 625
[24/May/2018 02:22:47] "POST /api/login/ HTTP/1.1" 200 56
[24/May/2018 02:22:48] "GET /api/supervises/ HTTP/1.1" 200 1319
[24/May/2018 02:22:54] "GET /api/goals/ HTTP/1.1" 200 2948
[24/May/2018 02:23:36] "GET /api/carousel_figure HTTP/1.1" 301 0
[24/May/2018 02:23:36] "GET /api/supervises/ HTTP/1.1" 200 1319
[24/May/2018 02:23:36] "GET /api/goals/ HTTP/1.1" 200 2948
[24/May/2018 02:23:36] "GET /api/carousel_figure/ HTTP/1.1" 200 625
[24/May/2018 02:23:37] "POST /api/login/ HTTP/1.1" 200 56
[24/May/2018 02:23:39] "GET /api/goals/ HTTP/1.1" 200 2948
[24/May/2018 02:23:57] "GET /api/carousel_figure HTTP/1.1" 301 0
[24/May/2018 02:23:57] "GET /api/supervises/ HTTP/1.1" 200 1319
[24/May/2018 02:23:57] "GET /api/goals/ HTTP/1.1" 200 2948
[24/May/2018 02:23:57] "GET /api/carousel_figure/ HTTP/1.1" 200 625
[24/May/2018 02:23:58] "POST /api/login/ HTTP/1.1" 200 56
[24/May/2018 02:23:59] "GET /api/goals/ HTTP/1.1" 200 2948
[24/May/2018 02:24:13] "GET /api/supervises/ HTTP/1.1" 200 1319
[24/May/2018 02:24:25] "GET /api/carousel_figure HTTP/1.1" 301 0
[24/May/2018 02:24:25] "GET /api/supervises/ HTTP/1.1" 200 1319
[24/May/2018 02:24:25] "GET /api/carousel_figure/ HTTP/1.1" 200 625
[24/May/2018 02:24:25] "GET /api/goals/ HTTP/1.1" 200 2948
[24/May/2018 02:24:25] "POST /api/login/ HTTP/1.1" 200 56
[24/May/2018 02:24:27] "GET /api/goals/ HTTP/1.1" 200 2948
[24/May/2018 02:24:46] "GET /api/carousel_figure HTTP/1.1" 301 0
[24/May/2018 02:24:46] "GET /api/supervises/ HTTP/1.1" 200 1319
[24/May/2018 02:24:46] "GET /api/goals/ HTTP/1.1" 200 2948
[24/May/2018 02:24:46] "GET /api/carousel_figure/ HTTP/1.1" 200 625
[24/May/2018 02:24:46] "POST /api/login/ HTTP/1.1" 200 56
[24/May/2018 02:24:47] "GET /api/goals/ HTTP/1.1" 200 2948
[24/May/2018 02:25:01] "GET /api/carousel_figure HTTP/1.1" 301 0
[24/May/2018 02:25:01] "GET /api/carousel_figure/ HTTP/1.1" 200 625
[24/May/2018 02:25:01] "GET /api/supervises/ HTTP/1.1" 200 1319
[24/May/2018 02:25:01] "GET /api/goals/ HTTP/1.1" 200 2948
[24/May/2018 02:25:01] "POST /api/login/ HTTP/1.1" 200 56
[24/May/2018 02:25:03] "GET /api/goals/ HTTP/1.1" 200 2948
[24/May/2018 02:26:01] "GET /api/carousel_figure HTTP/1.1" 301 0
[24/May/2018 02:26:01] "GET /api/carousel_figure/ HTTP/1.1" 200 625
[24/May/2018 02:26:01] "GET /api/goals/ HTTP/1.1" 200 2948
[24/May/2018 02:26:01] "GET /api/supervises/ HTTP/1.1" 200 1319
[24/May/2018 02:26:01] "POST /api/login/ HTTP/1.1" 200 56
[24/May/2018 02:27:01] "GET /api/carousel_figure HTTP/1.1" 301 0
[24/May/2018 02:27:01] "GET /api/carousel_figure/ HTTP/1.1" 200 625
[24/May/2018 02:27:01] "GET /api/supervises/ HTTP/1.1" 200 1319
[24/May/2018 02:27:01] "GET /api/goals/ HTTP/1.1" 200 2948
[24/May/2018 02:27:02] "POST /api/login/ HTTP/1.1" 200 56
[24/May/2018 02:27:05] "GET /api/goals/ HTTP/1.1" 200 2948
[24/May/2018 02:29:33] "GET /api/goals/ HTTP/1.1" 200 2223
[24/May/2018 02:29:47] "GET /api/carousel_figure HTTP/1.1" 301 0
[24/May/2018 02:29:47] "GET /api/supervises/ HTTP/1.1" 200 1319
[24/May/2018 02:29:47] "GET /api/carousel_figure/ HTTP/1.1" 200 625
[24/May/2018 02:29:47] "GET /api/goals/ HTTP/1.1" 200 2948
[24/May/2018 02:29:47] "POST /api/login/ HTTP/1.1" 200 56
[24/May/2018 02:30:02] "GET /api/carousel_figure HTTP/1.1" 301 0
[24/May/2018 02:30:02] "GET /api/supervises/ HTTP/1.1" 200 1319
[24/May/2018 02:30:02] "GET /api/carousel_figure/ HTTP/1.1" 200 625
[24/May/2018 02:30:02] "GET /api/goals/ HTTP/1.1" 200 2948

{'code': '0111tw1u1fiRob0YHk0u1srA1u11tw1D', 'userImg': 'https://wx.qlogo.cn/mmopen/vi_32/Q0j4TwGTfTKiaNDFLxRqCJb4U1V0gAX6ycsKwvGEaBCukJicnGJE8f6rnIkeZCu642HiaRICFLIJPlHztAODZZ77w/132', 'userName': 'Rotl'}
https://api.weixin.qq.com/sns/jscode2session?appid=wxed0b5e2f6f2b7361&secret=5c0b1ba0dd2b57cd3d81dac2932d1b22&js_code=0111tw1u1fiRob0YHk0u1srA1u11tw1D&grant_type=authorization_code
{'code': '071iHLUJ0e87672KVeXJ0RYTUJ0iHLU3', 'userImg': 'https://wx.qlogo.cn/mmopen/vi_32/Q0j4TwGTfTKiaNDFLxRqCJb4U1V0gAX6ycsKwvGEaBCukJicnGJE8f6rnIkeZCu642HiaRICFLIJPlHztAODZZ77w/132', 'userName': 'Rotl'}
https://api.weixin.qq.com/sns/jscode2session?appid=wxed0b5e2f6f2b7361&secret=5c0b1ba0dd2b57cd3d81dac2932d1b22&js_code=071iHLUJ0e87672KVeXJ0RYTUJ0iHLU3&grant_type=authorization_code
{'code': '0816IeTO1X7E321vh2RO1EJ6TO16IeTL', 'userImg': 'https://wx.qlogo.cn/mmopen/vi_32/Q0j4TwGTfTKiaNDFLxRqCJb4U1V0gAX6ycsKwvGEaBCukJicnGJE8f6rnIkeZCu642HiaRICFLIJPlHztAODZZ77w/132', 'userName': 'Rotl'}
https://api.weixin.qq.com/sns/jscode2session?appid=wxed0b5e2f6f2b7361&secret=5c0b1ba0dd2b57cd3d81dac2932d1b22&js_code=0816IeTO1X7E321vh2RO1EJ6TO16IeTL&grant_type=authorization_code
oOTnb4pQc6DrWPW09N0CSmmHSneo
oOTnb4pQc6DrWPW09N0CSmmHSneo
{'code': '071BxEkd2YlwOE0UL9md2qnGkd2BxEkJ', 'userImg': 'https://wx.qlogo.cn/mmopen/vi_32/Q0j4TwGTfTKiaNDFLxRqCJb4U1V0gAX6ycsKwvGEaBCukJicnGJE8f6rnIkeZCu642HiaRICFLIJPlHztAODZZ77w/132', 'userName': 'Rotl'}
https://api.weixin.qq.com/sns/jscode2session?appid=wxed0b5e2f6f2b7361&secret=5c0b1ba0dd2b57cd3d81dac2932d1b22&js_code=071BxEkd2YlwOE0UL9md2qnGkd2BxEkJ&grant_type=authorization_code
{'code': '081qIwx11uSNGZ1MBKx11ydNx11qIwx9', 'userImg': 'https://wx.qlogo.cn/mmopen/vi_32/Q0j4TwGTfTKiaNDFLxRqCJb4U1V0gAX6ycsKwvGEaBCukJicnGJE8f6rnIkeZCu642HiaRICFLIJPlHztAODZZ77w/132', 'userName': 'Rotl'}
https://api.weixin.qq.com/sns/jscode2session?appid=wxed0b5e2f6f2b7361&secret=5c0b1ba0dd2b57cd3d81dac2932d1b22&js_code=081qIwx11uSNGZ1MBKx11ydNx11qIwx9&grant_type=authorization_code
oOTnb4pQc6DrWPW09N0CSmmHSneo
oOTnb4pQc6DrWPW09N0CSmmHSneo
{'code': '011hi5dV1xgr0X0u3R9V1Bd9dV1hi5df', 'userImg': 'https://wx.qlogo.cn/mmopen/vi_32/Q0j4TwGTfTKiaNDFLxRqCJb4U1V0gAX6ycsKwvGEaBCukJicnGJE8f6rnIkeZCu642HiaRICFLIJPlHztAODZZ77w/132', 'userName': 'Rotl'}
https://api.weixin.qq.com/sns/jscode2session?appid=wxed0b5e2f6f2b7361&secret=5c0b1ba0dd2b57cd3d81dac2932d1b22&js_code=011hi5dV1xgr0X0u3R9V1Bd9dV1hi5df&grant_type=authorization_code
{'code': '0013iATu0d9xSa1JzWRu05bUTu03iATN', 'userImg': 'https://wx.qlogo.cn/mmopen/vi_32/Q0j4TwGTfTKiaNDFLxRqCJb4U1V0gAX6ycsKwvGEaBCukJicnGJE8f6rnIkeZCu642HiaRICFLIJPlHztAODZZ77w/132', 'userName': 'Rotl'}
https://api.weixin.qq.com/sns/jscode2session?appid=wxed0b5e2f6f2b7361&secret=5c0b1ba0dd2b57cd3d81dac2932d1b22&js_code=0013iATu0d9xSa1JzWRu05bUTu03iATN&grant_type=authorization_code
{'code': '0211CAvg0htb8z1yc0wg0wMzvg01CAvr', 'userImg': 'https://wx.qlogo.cn/mmopen/vi_32/Q0j4TwGTfTKiaNDFLxRqCJb4U1V0gAX6ycsKwvGEaBCukJicnGJE8f6rnIkeZCu642HiaRICFLIJPlHztAODZZ77w/132', 'userName': 'Rotl'}
https://api.weixin.qq.com/sns/jscode2session?appid=wxed0b5e2f6f2b7361&secret=5c0b1ba0dd2b57cd3d81dac2932d1b22&js_code=0211CAvg0htb8z1yc0wg0wMzvg01CAvr&grant_type=authorization_code
{'code': '011KAMu90GkRDw1wkht90buRu90KAMug', 'userImg': 'https://wx.qlogo.cn/mmopen/vi_32/Q0j4TwGTfTKiaNDFLxRqCJb4U1V0gAX6ycsKwvGEaBCukJicnGJE8f6rnIkeZCu642HiaRICFLIJPlHztAODZZ77w/132', 'userName': 'Rotl'}
https://api.weixin.qq.com/sns/jscode2session?appid=wxed0b5e2f6f2b7361&secret=5c0b1ba0dd2b57cd3d81dac2932d1b22&js_code=011KAMu90GkRDw1wkht90buRu90KAMug&grant_type=authorization_code
{'code': '061VhLDH0iryoi2idODH0wjBDH0VhLDP', 'userImg': 'https://wx.qlogo.cn/mmopen/vi_32/Q0j4TwGTfTKiaNDFLxRqCJb4U1V0gAX6ycsKwvGEaBCukJicnGJE8f6rnIkeZCu642HiaRICFLIJPlHztAODZZ77w/132', 'userName': 'Rotl'}
https://api.weixin.qq.com/sns/jscode2session?appid=wxed0b5e2f6f2b7361&secret=5c0b1ba0dd2b57cd3d81dac2932d1b22&js_code=061VhLDH0iryoi2idODH0wjBDH0VhLDP&grant_type=authorization_code
{'code': '071m14cA0KMneg1HLocA0MVYbA0m14cx', 'userImg': 'https://wx.qlogo.cn/mmopen/vi_32/Q0j4TwGTfTKiaNDFLxRqCJb4U1V0gAX6ycsKwvGEaBCukJicnGJE8f6rnIkeZCu642HiaRICFLIJPlHztAODZZ77w/132', 'userName': 'Rotl'}
https://api.weixin.qq.com/sns/jscode2session?appid=wxed0b5e2f6f2b7361&secret=5c0b1ba0dd2b57cd3d81dac2932d1b22&js_code=071m14cA0KMneg1HLocA0MVYbA0m14cx&grant_type=authorization_code
{'code': '001wnEZ11Ct4OO175IX1103CZ11wnEZd', 'userImg': 'https://wx.qlogo.cn/mmopen/vi_32/Q0j4TwGTfTKiaNDFLxRqCJb4U1V0gAX6ycsKwvGEaBCukJicnGJE8f6rnIkeZCu642HiaRICFLIJPlHztAODZZ77w/132', 'userName': 'Rotl'}
https://api.weixin.qq.com/sns/jscode2session?appid=wxed0b5e2f6f2b7361&secret=5c0b1ba0dd2b57cd3d81dac2932d1b22&js_code=001wnEZ11Ct4OO175IX1103CZ11wnEZd&grant_type=authorization_code
{'code': '001kJHJk1sB3xm0AnqGk1pCZJk1kJHJu', 'userImg': 'https://wx.qlogo.cn/mmopen/vi_32/Q0j4TwGTfTKiaNDFLxRqCJb4U1V0gAX6ycsKwvGEaBCukJicnGJE8f6rnIkeZCu642HiaRICFLIJPlHztAODZZ77w/132', 'userName': 'Rotl'}
https://api.weixin.qq.com/sns/jscode2session?appid=wxed0b5e2f6f2b7361&secret=5c0b1ba0dd2b57cd3d81dac2932d1b22&js_code=001kJHJk1sB3xm0AnqGk1pCZJk1kJHJu&grant_type=authorization_code
{'code': '0813e4Tm12o2bk0xrWUm1oRZSm13e4Tk', 'userImg': 'https://wx.qlogo.cn/mmopen/vi_32/Q0j4TwGTfTKiaNDFLxRqCJb4U1V0gAX6ycsKwvGEaBCukJicnGJE8f6rnIkeZCu642HiaRICFLIJPlHztAODZZ77w/132', 'userName': 'Rotl'}
https://api.weixin.qq.com/sns/jscode2session?appid=wxed0b5e2f6f2b7361&secret=5c0b1ba0dd2b57cd3d81dac2932d1b22&js_code=0813e4Tm12o2bk0xrWUm1oRZSm13e4Tk&grant_type=authorization_code
{'code': '081xgSIm0h2NIr1kWDLm0J7FIm0xgSIB', 'userImg': 'https://wx.qlogo.cn/mmopen/vi_32/Q0j4TwGTfTKiaNDFLxRqCJb4U1V0gAX6ycsKwvGEaBCukJicnGJE8f6rnIkeZCu642HiaRICFLIJPlHztAODZZ77w/132', 'userName': 'Rotl'}
https://api.weixin.qq.com/sns/jscode2session?appid=wxed0b5e2f6f2b7361&secret=5c0b1ba0dd2b57cd3d81dac2932d1b22&js_code=081xgSIm0h2NIr1kWDLm0J7FIm0xgSIB&grant_type=authorization_code
{'code': '071sLc8j2J9k3G0Y644j2y3a8j2sLc8b', 'userImg': 'https://wx.qlogo.cn/mmopen/vi_32/Q0j4TwGTfTKiaNDFLxRqCJb4U1V0gAX6ycsKwvGEaBCukJicnGJE8f6rnIkeZCu642HiaRICFLIJPlHztAODZZ77w/132', 'userName': 'Rotl'}
https://api.weixin.qq.com/sns/jscode2session?appid=wxed0b5e2f6f2b7361&secret=5c0b1ba0dd2b57cd3d81dac2932d1b22&js_code=071sLc8j2J9k3G0Y644j2y3a8j2sLc8b&grant_type=authorization_code
{'code': '071MYShB0RKbAg2lcRhB0VpChB0MYSh7', 'userImg': 'https://wx.qlogo.cn/mmopen/vi_32/Q0j4TwGTfTKiaNDFLxRqCJb4U1V0gAX6ycsKwvGEaBCukJicnGJE8f6rnIkeZCu642HiaRICFLIJPlHztAODZZ77w/132', 'userName': 'Rotl'}
https://api.weixin.qq.com/sns/jscode2session?appid=wxed0b5e2f6f2b7361&secret=5c0b1ba0dd2b57cd3d81dac2932d1b22&js_code=071MYShB0RKbAg2lcRhB0VpChB0MYSh7&grant_type=authorization_code
{'code': '0117Ejjz03azlf1SQriz0xkdjz07EjjJ', 'userImg': 'https://wx.qlogo.cn/mmopen/vi_32/Q0j4TwGTfTKiaNDFLxRqCJb4U1V0gAX6ycsKwvGEaBCukJicnGJE8f6rnIkeZCu642HiaRICFLIJPlHztAODZZ77w/132', 'userName': 'Rotl'}
https://api.weixin.qq.com/sns/jscode2session?appid=wxed0b5e2f6f2b7361&secret=5c0b1ba0dd2b57cd3d81dac2932d1b22&js_code=0117Ejjz03azlf1SQriz0xkdjz07EjjJ&grant_type=authorization_code
{'code': '011JEgSC0QM5Ed2kvIRC0btgSC0JEgS-', 'userImg': 'https://wx.qlogo.cn/mmopen/vi_32/Q0j4TwGTfTKiaNDFLxRqCJb4U1V0gAX6ycsKwvGEaBCukJicnGJE8f6rnIkeZCu642HiaRICFLIJPlHztAODZZ77w/132', 'userName': 'Rotl'}
https://api.weixin.qq.com/sns/jscode2session?appid=wxed0b5e2f6f2b7361&secret=5c0b1ba0dd2b57cd3d81dac2932d1b22&js_code=011JEgSC0QM5Ed2kvIRC0btgSC0JEgS-&grant_type=authorization_code
{'code': '021t43350cdynK1Vfp350Hr1350t433C', 'userImg': 'https://wx.qlogo.cn/mmopen/vi_32/Q0j4TwGTfTKiaNDFLxRqCJb4U1V0gAX6ycsKwvGEaBCukJicnGJE8f6rnIkeZCu642HiaRICFLIJPlHztAODZZ77w/132', 'userName': 'Rotl'}
https://api.weixin.qq.com/sns/jscode2session?appid=wxed0b5e2f6f2b7361&secret=5c0b1ba0dd2b57cd3d81dac2932d1b22&js_code=021t43350cdynK1Vfp350Hr1350t433C&grant_type=authorization_code
{'code': '081hcVIf1TGHHz0sN8Jf1UO9Jf1hcVIi', 'userImg': 'https://wx.qlogo.cn/mmopen/vi_32/Q0j4TwGTfTKiaNDFLxRqCJb4U1V0gAX6ycsKwvGEaBCukJicnGJE8f6rnIkeZCu642HiaRICFLIJPlHztAODZZ77w/132', 'userName': 'Rotl'}
https://api.weixin.qq.com/sns/jscode2session?appid=wxed0b5e2f6f2b7361&secret=5c0b1ba0dd2b57cd3d81dac2932d1b22&js_code=081hcVIf1TGHHz0sN8Jf1UO9Jf1hcVIi&grant_type=authorization_code[24/May/2018 02:30:02] "POST /api/login/ HTTP/1.1" 200 56
[24/May/2018 02:30:04] "GET /api/goals/ HTTP/1.1" 200 2948
[24/May/2018 02:31:18] "GET /api/carousel_figure HTTP/1.1" 301 0
[24/May/2018 02:31:18] "GET /api/goals/ HTTP/1.1" 200 2948
[24/May/2018 02:31:18] "GET /api/supervises/ HTTP/1.1" 200 1319
[24/May/2018 02:31:18] "GET /api/carousel_figure/ HTTP/1.1" 200 625
[24/May/2018 02:31:19] "POST /api/login/ HTTP/1.1" 200 56
[24/May/2018 02:31:20] "GET /api/goals/ HTTP/1.1" 200 2948
[24/May/2018 02:31:48] "GET /api/carousel_figure HTTP/1.1" 301 0
[24/May/2018 02:31:48] "GET /api/carousel_figure/ HTTP/1.1" 200 625
[24/May/2018 02:31:48] "GET /api/goals/ HTTP/1.1" 200 2948
[24/May/2018 02:31:48] "GET /api/supervises/ HTTP/1.1" 200 1319
[24/May/2018 02:31:48] "POST /api/login/ HTTP/1.1" 200 56
[24/May/2018 02:31:54] "GET /api/goals/ HTTP/1.1" 200 2948
[24/May/2018 02:32:13] "GET /api/carousel_figure HTTP/1.1" 301 0
[24/May/2018 02:32:13] "GET /api/carousel_figure/ HTTP/1.1" 200 625
[24/May/2018 02:32:13] "GET /api/supervises/ HTTP/1.1" 200 1319
[24/May/2018 02:32:13] "GET /api/goals/ HTTP/1.1" 200 2948
[24/May/2018 02:32:14] "POST /api/login/ HTTP/1.1" 200 56
[24/May/2018 02:32:15] "GET /api/goals/ HTTP/1.1" 200 2948
Not Found: /api/goals/1/
[24/May/2018 02:34:10] "GET /api/goals/1/ HTTP/1.1" 404 23
[24/May/2018 02:34:26] "GET /api/goals/ HTTP/1.1" 200 2223
[24/May/2018 02:34:33] "GET /api/goals/ HTTP/1.1" 200 2948
[24/May/2018 02:34:37] "GET /api/goals/1/ HTTP/1.1" 200 583
[24/May/2018 02:35:00] "GET /api/carousel_figure HTTP/1.1" 301 0
[24/May/2018 02:35:00] "GET /api/supervises/ HTTP/1.1" 200 1319
[24/May/2018 02:35:00] "GET /api/carousel_figure/ HTTP/1.1" 200 625
[24/May/2018 02:35:00] "GET /api/goals/ HTTP/1.1" 200 2948
[24/May/2018 02:35:01] "POST /api/login/ HTTP/1.1" 200 56
[24/May/2018 02:35:01] "GET /api/clocks/ HTTP/1.1" 200 40
[24/May/2018 02:36:28] "GET /api/carousel_figure HTTP/1.1" 301 0
[24/May/2018 02:36:28] "GET /api/supervises/ HTTP/1.1" 200 1319
[24/May/2018 02:36:28] "GET /api/goals/ HTTP/1.1" 200 2948
[24/May/2018 02:36:28] "GET /api/carousel_figure/ HTTP/1.1" 200 625
[24/May/2018 02:36:29] "POST /api/login/ HTTP/1.1" 200 56
[24/May/2018 02:36:30] "GET /api/goals/ HTTP/1.1" 200 2948
[24/May/2018 02:36:31] "GET /api/goals/1/ HTTP/1.1" 200 583
[24/May/2018 02:37:22] "GET /api/carousel_figure HTTP/1.1" 301 0
[24/May/2018 02:37:22] "GET /api/carousel_figure/ HTTP/1.1" 200 625
[24/May/2018 02:37:22] "GET /api/goals/ HTTP/1.1" 200 2948
[24/May/2018 02:37:22] "GET /api/supervises/ HTTP/1.1" 200 1319
[24/May/2018 02:37:23] "POST /api/login/ HTTP/1.1" 200 56
[24/May/2018 02:37:24] "GET /api/goals/ HTTP/1.1" 200 2948
[24/May/2018 02:37:25] "GET /api/goals/1/ HTTP/1.1" 200 583
[24/May/2018 02:38:14] "GET /api/carousel_figure HTTP/1.1" 301 0
[24/May/2018 02:38:14] "GET /api/carousel_figure/ HTTP/1.1" 200 625
[24/May/2018 02:38:14] "GET /api/goals/ HTTP/1.1" 200 2948
[24/May/2018 02:38:14] "GET /api/supervises/ HTTP/1.1" 200 1319
[24/May/2018 02:38:15] "POST /api/login/ HTTP/1.1" 200 56
[24/May/2018 02:38:16] "GET /api/goals/ HTTP/1.1" 200 2948
[24/May/2018 02:38:17] "GET /api/goals/1/ HTTP/1.1" 200 583
[24/May/2018 02:43:16] "GET /api/carousel_figure HTTP/1.1" 301 0
[24/May/2018 02:43:16] "GET /api/goals/ HTTP/1.1" 200 2948
[24/May/2018 02:43:16] "GET /api/supervises/ HTTP/1.1" 200 1319
[24/May/2018 02:43:19] "GET /api/carousel_figure HTTP/1.1" 301 0
[24/May/2018 02:43:19] "GET /api/goals/ HTTP/1.1" 200 2948
[24/May/2018 02:43:19] "GET /api/carousel_figure/ HTTP/1.1" 200 625
[24/May/2018 02:43:19] "GET /api/supervises/ HTTP/1.1" 200 1319
[24/May/2018 02:43:19] "GET /media/pic_banner_introduce_VQ4NRux.png HTTP/1.1" 304 0
[24/May/2018 02:43:19] "GET /media/pic_banner_proverbs_NXb41fs.png HTTP/1.1" 304 0
[24/May/2018 02:43:19] "GET /media/pic_banner_excercise_5WI79y9.png HTTP/1.1" 304 0
[24/May/2018 02:43:21] "POST /api/login/ HTTP/1.1" 200 56
[24/May/2018 02:43:35] "POST /api/login/ HTTP/1.1" 200 56
[24/May/2018 02:45:21] "GET /api/clocks/ HTTP/1.1" 200 40
[24/May/2018 02:45:24] "GET /api/wallet/ HTTP/1.1" 200 67
[24/May/2018 02:45:24] "GET /api/transaction_records/ HTTP/1.1" 200 1050
[24/May/2018 02:45:31] "GET /api/wallet/ HTTP/1.1" 200 67
[24/May/2018 02:45:43] "GET /api/supervises/ HTTP/1.1" 200 1319
[24/May/2018 02:45:49] "GET /api/goals/ HTTP/1.1" 200 2948
[24/May/2018 02:46:04] "GET /api/goals/ HTTP/1.1" 200 2948
[24/May/2018 02:47:03] "GET /api/carousel_figure HTTP/1.1" 301 0
[24/May/2018 02:47:03] "GET /api/carousel_figure/ HTTP/1.1" 200 625
[24/May/2018 02:47:03] "GET /api/goals/ HTTP/1.1" 200 2948
[24/May/2018 02:47:03] "GET /api/supervises/ HTTP/1.1" 200 1319
[24/May/2018 02:47:04] "POST /api/login/ HTTP/1.1" 200 56
[24/May/2018 02:50:21] "GET /api/clocks/ HTTP/1.1" 200 40
[24/May/2018 02:50:22] "GET /api/wallet/ HTTP/1.1" 200 67
[24/May/2018 02:50:22] "GET /api/transaction_records/ HTTP/1.1" 200 1050
[24/May/2018 02:51:53] "GET /api/goals/ HTTP/1.1" 200 2948
[24/May/2018 02:55:03] "GET /api/goals/ HTTP/1.1" 200 2948
[24/May/2018 02:55:05] "GET /api/goals/1/ HTTP/1.1" 200 583
[24/May/2018 02:55:21] "GET /api/carousel_figure HTTP/1.1" 301 0
[24/May/2018 02:55:21] "GET /api/carousel_figure/ HTTP/1.1" 200 625
[24/May/2018 02:55:21] "GET /api/goals/ HTTP/1.1" 200 2948
[24/May/2018 02:55:21] "GET /api/supervises/ HTTP/1.1" 200 1319
[24/May/2018 02:55:21] "POST /api/login/ HTTP/1.1" 200 56
[24/May/2018 02:55:23] "GET /api/goals/ HTTP/1.1" 200 2948
[24/May/2018 02:55:30] "GET /api/goals/1/ HTTP/1.1" 200 583
[24/May/2018 02:55:33] "GET /api/goals/2/ HTTP/1.1" 200 583
[24/May/2018 02:56:21] "GET /api/carousel_figure HTTP/1.1" 301 0
[24/May/2018 02:56:21] "GET /api/goals/ HTTP/1.1" 401 27
[24/May/2018 02:56:21] "GET /api/supervises/ HTTP/1.1" 401 27
[24/May/2018 02:56:21] "GET /api/carousel_figure/ HTTP/1.1" 401 27
[24/May/2018 02:56:22] "POST /api/login/ HTTP/1.1" 200 80
[24/May/2018 02:56:30] "GET /api/carousel_figure HTTP/1.1" 301 0
[24/May/2018 02:56:30] "GET /api/goals/ HTTP/1.1" 200 40
[24/May/2018 02:56:30] "GET /api/supervises/ HTTP/1.1" 200 40
[24/May/2018 02:56:30] "GET /api/carousel_figure/ HTTP/1.1" 200 625
[24/May/2018 02:56:30] "POST /api/login/ HTTP/1.1" 200 56
[24/May/2018 02:56:31] "GET /api/clocks/ HTTP/1.1" 200 40
[24/May/2018 02:56:34] "GET /api/wallet/ HTTP/1.1" 200 67
[24/May/2018 02:56:34] "GET /api/transaction_records/ HTTP/1.1" 200 40
[24/May/2018 02:58:28] "GET /api/carousel_figure HTTP/1.1" 301 0
[24/May/2018 02:58:28] "GET /api/goals/ HTTP/1.1" 200 40
[24/May/2018 02:58:28] "GET /api/supervises/ HTTP/1.1" 200 40
[24/May/2018 02:58:28] "GET /api/carousel_figure/ HTTP/1.1" 200 625
[24/May/2018 02:58:28] "POST /api/login/ HTTP/1.1" 200 56
[24/May/2018 02:58:31] "GET /api/transaction_records/ HTTP/1.1" 200 40
[24/May/2018 02:58:31] "GET /api/wallet/ HTTP/1.1" 200 67
[24/May/2018 02:58:57] "GET /api/carousel_figure HTTP/1.1" 301 0
[24/May/2018 02:58:57] "GET /api/goals/ HTTP/1.1" 200 40
[24/May/2018 02:58:57] "GET /api/supervises/ HTTP/1.1" 200 40
[24/May/2018 02:58:57] "GET /api/carousel_figure/ HTTP/1.1" 200 625
[24/May/2018 02:58:58] "POST /api/login/ HTTP/1.1" 200 56
[24/May/2018 02:59:00] "GET /api/wallet/ HTTP/1.1" 200 67
[24/May/2018 02:59:00] "GET /api/transaction_records/ HTTP/1.1" 200 40
[24/May/2018 02:59:05] "GET /api/transaction_records/ HTTP/1.1" 200 40
[24/May/2018 02:59:05] "GET /api/wallet/ HTTP/1.1" 200 67
[24/May/2018 02:59:06] "POST /api/login/ HTTP/1.1" 200 56
[24/May/2018 02:59:18] "GET /api/transaction_records/ HTTP/1.1" 200 40
[24/May/2018 02:59:18] "GET /api/wallet/ HTTP/1.1" 200 67
[24/May/2018 02:59:19] "POST /api/login/ HTTP/1.1" 200 56
[24/May/2018 02:59:44] "GET /api/transaction_records/ HTTP/1.1" 200 40
[24/May/2018 02:59:44] "GET /api/wallet/ HTTP/1.1" 200 67
[24/May/2018 02:59:44] "POST /api/login/ HTTP/1.1" 200 56
[24/May/2018 03:03:22] "GET /api/transaction_records/ HTTP/1.1" 200 40
[24/May/2018 03:03:22] "GET /api/wallet/ HTTP/1.1" 200 67
[24/May/2018 03:03:23] "POST /api/login/ HTTP/1.1" 200 56
[24/May/2018 03:03:29] "GET /api/wallet/ HTTP/1.1" 200 67
[24/May/2018 03:03:29] "GET /api/transaction_records/ HTTP/1.1" 200 40
[24/May/2018 03:03:29] "POST /api/login/ HTTP/1.1" 200 56
[24/May/2018 03:03:45] "GET /api/transaction_records/ HTTP/1.1" 200 40
[24/May/2018 03:03:45] "GET /api/wallet/ HTTP/1.1" 200 67
[24/May/2018 03:03:45] "POST /api/login/ HTTP/1.1" 200 56
[24/May/2018 03:03:47] "GET /api/transaction_records/ HTTP/1.1" 200 40
[24/May/2018 03:03:47] "GET /api/wallet/ HTTP/1.1" 200 67

{'code': '071KYzSi16H33w0LsnRi1WaLSi1KYzSp', 'userImg': 'https://wx.qlogo.cn/mmopen/vi_32/Q0j4TwGTfTKiaNDFLxRqCJb4U1V0gAX6ycsKwvGEaBCukJicnGJE8f6rnIkeZCu642HiaRICFLIJPlHztAODZZ77w/132', 'userName': 'Rotl'}
https://api.weixin.qq.com/sns/jscode2session?appid=wxed0b5e2f6f2b7361&secret=5c0b1ba0dd2b57cd3d81dac2932d1b22&js_code=071KYzSi16H33w0LsnRi1WaLSi1KYzSp&grant_type=authorization_code
{'code': '011IbSOW1wd18U0TmGPW1RdCOW1IbSOx', 'userImg': 'https://wx.qlogo.cn/mmopen/vi_32/Q0j4TwGTfTKiaNDFLxRqCJb4U1V0gAX6ycsKwvGEaBCukJicnGJE8f6rnIkeZCu642HiaRICFLIJPlHztAODZZ77w/132', 'userName': 'Rotl'}
https://api.weixin.qq.com/sns/jscode2session?appid=wxed0b5e2f6f2b7361&secret=5c0b1ba0dd2b57cd3d81dac2932d1b22&js_code=011IbSOW1wd18U0TmGPW1RdCOW1IbSOx&grant_type=authorization_code
{'code': '071K2UyD0dJVme2lCVxD0ay6zD0K2Uyz', 'userImg': 'https://wx.qlogo.cn/mmopen/vi_32/Q0j4TwGTfTKiaNDFLxRqCJb4U1V0gAX6ycsKwvGEaBCukJicnGJE8f6rnIkeZCu642HiaRICFLIJPlHztAODZZ77w/132', 'userName': 'Rotl'}
https://api.weixin.qq.com/sns/jscode2session?appid=wxed0b5e2f6f2b7361&secret=5c0b1ba0dd2b57cd3d81dac2932d1b22&js_code=071K2UyD0dJVme2lCVxD0ay6zD0K2Uyz&grant_type=authorization_code
{'code': '0615m9sP1HJCC21COBrP1S1osP15m9sE', 'userImg': 'https://wx.qlogo.cn/mmopen/vi_32/Q0j4TwGTfTKiaNDFLxRqCJb4U1V0gAX6ycsKwvGEaBCukJicnGJE8f6rnIkeZCu642HiaRICFLIJPlHztAODZZ77w/132', 'userName': 'Rotl'}
https://api.weixin.qq.com/sns/jscode2session?appid=wxed0b5e2f6f2b7361&secret=5c0b1ba0dd2b57cd3d81dac2932d1b22&js_code=0615m9sP1HJCC21COBrP1S1osP15m9sE&grant_type=authorization_code
{'code': '061TnHts1nvYvn08QNvs1JGJts1TnHtY', 'userImg': 'https://wx.qlogo.cn/mmopen/vi_32/Q0j4TwGTfTKiaNDFLxRqCJb4U1V0gAX6ycsKwvGEaBCukJicnGJE8f6rnIkeZCu642HiaRICFLIJPlHztAODZZ77w/132', 'userName': 'Rotl'}
https://api.weixin.qq.com/sns/jscode2session?appid=wxed0b5e2f6f2b7361&secret=5c0b1ba0dd2b57cd3d81dac2932d1b22&js_code=061TnHts1nvYvn08QNvs1JGJts1TnHtY&grant_type=authorization_code
{'code': '061RPEg31DxmON1Fg9g31R1Hg31RPEgQ', 'userImg': 'https://wx.qlogo.cn/mmopen/vi_32/Q0j4TwGTfTKiaNDFLxRqCJb4U1V0gAX6ycsKwvGEaBCukJicnGJE8f6rnIkeZCu642HiaRICFLIJPlHztAODZZ77w/132', 'userName': 'Rotl'}
https://api.weixin.qq.com/sns/jscode2session?appid=wxed0b5e2f6f2b7361&secret=5c0b1ba0dd2b57cd3d81dac2932d1b22&js_code=061RPEg31DxmON1Fg9g31R1Hg31RPEgQ&grant_type=authorization_code
{'code': '021iQdeo0qn5Vq1dZBco0XA1eo0iQdeP', 'userImg': 'https://wx.qlogo.cn/mmopen/vi_32/Q0j4TwGTfTKiaNDFLxRqCJb4U1V0gAX6ycsKwvGEaBCukJicnGJE8f6rnIkeZCu642HiaRICFLIJPlHztAODZZ77w/132', 'userName': 'Rotl'}
https://api.weixin.qq.com/sns/jscode2session?appid=wxed0b5e2f6f2b7361&secret=5c0b1ba0dd2b57cd3d81dac2932d1b22&js_code=021iQdeo0qn5Vq1dZBco0XA1eo0iQdeP&grant_type=authorization_code
{'code': '081JEPL91d4MKP1aXVN91dwSL91JEPLd', 'userImg': 'https://wx.qlogo.cn/mmopen/vi_32/Q0j4TwGTfTKiaNDFLxRqCJb4U1V0gAX6ycsKwvGEaBCukJicnGJE8f6rnIkeZCu642HiaRICFLIJPlHztAODZZ77w/132', 'userName': 'Rotl'}
https://api.weixin.qq.com/sns/jscode2session?appid=wxed0b5e2f6f2b7361&secret=5c0b1ba0dd2b57cd3d81dac2932d1b22&js_code=081JEPL91d4MKP1aXVN91dwSL91JEPLd&grant_type=authorization_code
{'code': '071LNBGb0fTgju1XYeGb0hWPGb0LNBGn', 'userImg': 'https://wx.qlogo.cn/mmopen/vi_32/Q0j4TwGTfTKiaNDFLxRqCJb4U1V0gAX6ycsKwvGEaBCukJicnGJE8f6rnIkeZCu642HiaRICFLIJPlHztAODZZ77w/132', 'userName': 'Rotl'}
https://api.weixin.qq.com/sns/jscode2session?appid=wxed0b5e2f6f2b7361&secret=5c0b1ba0dd2b57cd3d81dac2932d1b22&js_code=071LNBGb0fTgju1XYeGb0hWPGb0LNBGn&grant_type=authorization_code
{'code': '021jWjID0aFfve2RvrHD01mgID0jWjI5', 'userImg': 'https://wx.qlogo.cn/mmopen/vi_32/Q0j4TwGTfTKiaNDFLxRqCJb4U1V0gAX6ycsKwvGEaBCukJicnGJE8f6rnIkeZCu642HiaRICFLIJPlHztAODZZ77w/132', 'userName': 'Rotl'}
https://api.weixin.qq.com/sns/jscode2session?appid=wxed0b5e2f6f2b7361&secret=5c0b1ba0dd2b57cd3d81dac2932d1b22&js_code=021jWjID0aFfve2RvrHD01mgID0jWjI5&grant_type=authorization_code
{'code': '001SdVti21iVGH0YLtsi2It4ui2SdVtO', 'userImg': 'https://wx.qlogo.cn/mmopen/vi_32/Q0j4TwGTfTKiaNDFLxRqCJb4U1V0gAX6ycsKwvGEaBCukJicnGJE8f6rnIkeZCu642HiaRICFLIJPlHztAODZZ77w/132', 'userName': 'Rotl'}
https://api.weixin.qq.com/sns/jscode2session?appid=wxed0b5e2f6f2b7361&secret=5c0b1ba0dd2b57cd3d81dac2932d1b22&js_code=001SdVti21iVGH0YLtsi2It4ui2SdVtO&grant_type=authorization_code
{'code': '061EL0y41tpROM1whpx41NZmy41EL0yE', 'userImg': 'https://wx.qlogo.cn/mmopen/vi_32/Q0j4TwGTfTIAp5G6ia6ZtxWRiaMu4YMHG3c26wn9xEadtUD9sNBo2f4Lb9dIlIz1GArHYVGuyd1ZatpRuI2ftZNA/132', 'userName': ''}
https://api.weixin.qq.com/sns/jscode2session?appid=wxed0b5e2f6f2b7361&secret=5c0b1ba0dd2b57cd3d81dac2932d1b22&js_code=061EL0y41tpROM1whpx41NZmy41EL0yE&grant_type=authorization_code
{'code': '071UthyQ0wm2c92hteyQ0EG2yQ0UthyU', 'userImg': 'https://wx.qlogo.cn/mmopen/vi_32/Q0j4TwGTfTIAp5G6ia6ZtxWRiaMu4YMHG3c26wn9xEadtUD9sNBo2f4Lb9dIlIz1GArHYVGuyd1ZatpRuI2ftZNA/132', 'userName': ''}
https://api.weixin.qq.com/sns/jscode2session?appid=wxed0b5e2f6f2b7361&secret=5c0b1ba0dd2b57cd3d81dac2932d1b22&js_code=071UthyQ0wm2c92hteyQ0EG2yQ0UthyU&grant_type=authorization_code
{'code': '081NSSK0049t5G1TvdJ00dINK00NSSKj', 'userImg': 'https://wx.qlogo.cn/mmopen/vi_32/Q0j4TwGTfTIAp5G6ia6ZtxWRiaMu4YMHG3c26wn9xEadtUD9sNBo2f4Lb9dIlIz1GArHYVGuyd1ZatpRuI2ftZNA/132', 'userName': ''}
https://api.weixin.qq.com/sns/jscode2session?appid=wxed0b5e2f6f2b7361&secret=5c0b1ba0dd2b57cd3d81dac2932d1b22&js_code=081NSSK0049t5G1TvdJ00dINK00NSSKj&grant_type=authorization_code
{'code': '001hGrCg0gu7fz1hnQDg0sn7Cg0hGrCR', 'userImg': 'https://wx.qlogo.cn/mmopen/vi_32/Q0j4TwGTfTIAp5G6ia6ZtxWRiaMu4YMHG3c26wn9xEadtUD9sNBo2f4Lb9dIlIz1GArHYVGuyd1ZatpRuI2ftZNA/132', 'userName': ''}
https://api.weixin.qq.com/sns/jscode2session?appid=wxed0b5e2f6f2b7361&secret=5c0b1ba0dd2b57cd3d81dac2932d1b22&js_code=001hGrCg0gu7fz1hnQDg0sn7Cg0hGrCR&grant_type=authorization_code
{'code': '011adUu12pC3OY0Qlpu127r4v12adUul', 'userImg': 'https://wx.qlogo.cn/mmopen/vi_32/Q0j4TwGTfTIAp5G6ia6ZtxWRiaMu4YMHG3c26wn9xEadtUD9sNBo2f4Lb9dIlIz1GArHYVGuyd1ZatpRuI2ftZNA/132', 'userName': ''}
https://api.weixin.qq.com/sns/jscode2session?appid=wxed0b5e2f6f2b7361&secret=5c0b1ba0dd2b57cd3d81dac2932d1b22&js_code=011adUu12pC3OY0Qlpu127r4v12adUul&grant_type=authorization_code
{'code': '071kSrr01SqwR02WVgp01LQir01kSrrM', 'userImg': 'https://wx.qlogo.cn/mmopen/vi_32/Q0j4TwGTfTIAp5G6ia6ZtxWRiaMu4YMHG3c26wn9xEadtUD9sNBo2f4Lb9dIlIz1GArHYVGuyd1ZatpRuI2ftZNA/132', 'userName': ''}
https://api.weixin.qq.com/sns/jscode2session?appid=wxed0b5e2f6f2b7361&secret=5c0b1ba0dd2b57cd3d81dac2932d1b22&js_code=071kSrr01SqwR02WVgp01LQir01kSrrM&grant_type=authorization_code
{'code': '061RorOV1DJZkV0qm4OV1AHzOV1RorOQ', 'userImg': 'https://wx.qlogo.cn/mmopen/vi_32/Q0j4TwGTfTIAp5G6ia6ZtxWRiaMu4YMHG3c26wn9xEadtUD9sNBo2f4Lb9dIlIz1GArHYVGuyd1ZatpRuI2ftZNA/132', 'userName': ''}
https://api.weixin.qq.com/sns/jscode2session?appid=wxed0b5e2f6f2b7361&secret=5c0b1ba0dd2b57cd3d81dac2932d1b22&js_code=061RorOV1DJZkV0qm4OV1AHzOV1RorOQ&grant_type=authorization_code
{'code': '071UEONk1wnkCm0ppCLk1B8ONk1UEONs', 'userImg': 'https://wx.qlogo.cn/mmopen/vi_32/Q0j4TwGTfTIAp5G6ia6ZtxWRiaMu4YMHG3c26wn9xEadtUD9sNBo2f4Lb9dIlIz1GArHYVGuyd1ZatpRuI2ftZNA/132', 'userName': ''}
https://api.weixin.qq.com/sns/jscode2session?appid=wxed0b5e2f6f2b7361&secret=5c0b1ba0dd2b57cd3d81dac2932d1b22&js_code=071UEONk1wnkCm0ppCLk1B8ONk1UEONs&grant_type=authorization_code
{'code': '001xJKl50aq4EK1315k50BhNl50xJKl2', 'userImg': 'https://wx.qlogo.cn/mmopen/vi_32/Q0j4TwGTfTIAp5G6ia6ZtxWRiaMu4YMHG3c26wn9xEadtUD9sNBo2f4Lb9dIlIz1GArHYVGuyd1ZatpRuI2ftZNA/132', 'userName': ''}
https://api.weixin.qq.com/sns/jscode2session?appid=wxed0b5e2f6f2b7361&secret=5c0b1ba0dd2b57cd3d81dac2932d1b22&js_code=001xJKl50aq4EK1315k50BhNl50xJKl2&grant_type=authorization_code
{'code': '061XKLRF1chmy00RikRF1MpERF1XKLRf', 'userImg': 'https://wx.qlogo.cn/mmopen/vi_32/Q0j4TwGTfTIAp5G6ia6ZtxWRiaMu4YMHG3c26wn9xEadtUD9sNBo2f4Lb9dIlIz1GArHYVGuyd1ZatpRuI2ftZNA/132', 'userName': ''}
https://api.weixin.qq.com/sns/jscode2session?appid=wxed0b5e2f6f2b7361&secret=5c0b1ba0dd2b57cd3d81dac2932d1b22&js_code=061XKLRF1chmy00RikRF1MpERF1XKLRf&grant_type=authorization_code
{'code': '071GR6xh0Oq1Ux13aXAh0jn0xh0GR6xI', 'userImg': 'https://wx.qlogo.cn/mmopen/vi_32/Q0j4TwGTfTIAp5G6ia6ZtxWRiaMu4YMHG3c26wn9xEadtUD9sNBo2f4Lb9dIlIz1GArHYVGuyd1ZatpRuI2ftZNA/132', 'userName': ''}[24/May/2018 03:03:47] "POST /api/login/ HTTP/1.1" 200 56
[24/May/2018 03:03:58] "GET /api/wallet/ HTTP/1.1" 200 67
[24/May/2018 03:03:58] "GET /api/transaction_records/ HTTP/1.1" 200 40
[24/May/2018 03:03:58] "POST /api/login/ HTTP/1.1" 200 56
[24/May/2018 03:04:20] "GET /api/wallet/ HTTP/1.1" 200 67
[24/May/2018 03:04:20] "GET /api/transaction_records/ HTTP/1.1" 200 40
[24/May/2018 03:04:20] "POST /api/login/ HTTP/1.1" 200 56
[24/May/2018 03:04:21] "GET /api/wallet/ HTTP/1.1" 200 67
[24/May/2018 03:04:21] "GET /api/transaction_records/ HTTP/1.1" 200 40
[24/May/2018 03:04:21] "POST /api/login/ HTTP/1.1" 200 56
[24/May/2018 03:04:45] "GET /api/transaction_records/ HTTP/1.1" 200 40
[24/May/2018 03:04:45] "GET /api/wallet/ HTTP/1.1" 200 67
[24/May/2018 03:04:46] "POST /api/login/ HTTP/1.1" 200 56
[24/May/2018 03:04:51] "GET /api/wallet/ HTTP/1.1" 200 67
[24/May/2018 03:04:51] "GET /api/transaction_records/ HTTP/1.1" 200 40
[24/May/2018 03:04:51] "POST /api/login/ HTTP/1.1" 200 56
[24/May/2018 03:04:56] "GET /api/wallet/ HTTP/1.1" 200 67
[24/May/2018 03:04:56] "GET /api/transaction_records/ HTTP/1.1" 200 40
[24/May/2018 03:04:57] "POST /api/login/ HTTP/1.1" 200 56
[24/May/2018 03:05:03] "GET /api/transaction_records/ HTTP/1.1" 200 40
[24/May/2018 03:05:03] "GET /api/wallet/ HTTP/1.1" 200 67
[24/May/2018 03:05:04] "POST /api/login/ HTTP/1.1" 200 56
[24/May/2018 03:05:07] "GET /api/wallet/ HTTP/1.1" 200 67
[24/May/2018 03:05:07] "GET /api/transaction_records/ HTTP/1.1" 200 40
[24/May/2018 03:05:08] "POST /api/login/ HTTP/1.1" 200 56
[24/May/2018 03:05:10] "GET /api/wallet/ HTTP/1.1" 200 67
[24/May/2018 03:05:10] "GET /api/transaction_records/ HTTP/1.1" 200 40
[24/May/2018 03:05:11] "POST /api/login/ HTTP/1.1" 200 56
[24/May/2018 03:05:14] "GET /api/transaction_records/ HTTP/1.1" 200 40
[24/May/2018 03:05:14] "GET /api/wallet/ HTTP/1.1" 200 67
[24/May/2018 03:05:15] "POST /api/login/ HTTP/1.1" 200 56
[24/May/2018 03:05:18] "GET /api/transaction_records/ HTTP/1.1" 200 40
[24/May/2018 03:05:18] "GET /api/wallet/ HTTP/1.1" 200 67
[24/May/2018 03:05:19] "POST /api/login/ HTTP/1.1" 200 56
[24/May/2018 03:05:25] "GET /api/transaction_records/ HTTP/1.1" 200 40
[24/May/2018 03:05:25] "GET /api/wallet/ HTTP/1.1" 200 67
[24/May/2018 03:05:26] "POST /api/login/ HTTP/1.1" 200 56
[24/May/2018 03:05:29] "GET /api/wallet/ HTTP/1.1" 200 67
[24/May/2018 03:05:29] "GET /api/transaction_records/ HTTP/1.1" 200 40
[24/May/2018 03:05:29] "POST /api/login/ HTTP/1.1" 200 56
[24/May/2018 03:05:34] "GET /api/wallet/ HTTP/1.1" 200 67
[24/May/2018 03:05:34] "GET /api/transaction_records/ HTTP/1.1" 200 40
[24/May/2018 03:05:34] "POST /api/login/ HTTP/1.1" 200 56
[24/May/2018 03:05:38] "GET /api/wallet/ HTTP/1.1" 200 67
[24/May/2018 03:05:38] "GET /api/transaction_records/ HTTP/1.1" 200 40
[24/May/2018 03:05:39] "POST /api/login/ HTTP/1.1" 200 56
[24/May/2018 03:05:46] "GET /api/transaction_records/ HTTP/1.1" 200 40
[24/May/2018 03:05:46] "GET /api/wallet/ HTTP/1.1" 200 67
[24/May/2018 03:05:46] "POST /api/login/ HTTP/1.1" 200 56
[24/May/2018 03:05:49] "GET /api/transaction_records/ HTTP/1.1" 200 40
[24/May/2018 03:05:49] "GET /api/wallet/ HTTP/1.1" 200 67
[24/May/2018 03:05:49] "POST /api/login/ HTTP/1.1" 200 56
[24/May/2018 03:05:56] "GET /api/transaction_records/ HTTP/1.1" 200 40
[24/May/2018 03:05:56] "GET /api/wallet/ HTTP/1.1" 200 67
[24/May/2018 03:05:56] "POST /api/login/ HTTP/1.1" 200 56
[24/May/2018 03:05:59] "GET /api/transaction_records/ HTTP/1.1" 200 40
[24/May/2018 03:05:59] "GET /api/wallet/ HTTP/1.1" 200 67
[24/May/2018 03:06:00] "POST /api/login/ HTTP/1.1" 200 56
[24/May/2018 03:06:26] "GET /api/transaction_records/ HTTP/1.1" 200 40
[24/May/2018 03:06:26] "GET /api/wallet/ HTTP/1.1" 200 67
[24/May/2018 03:06:26] "POST /api/login/ HTTP/1.1" 200 56
[24/May/2018 03:06:31] "GET /admin/authtoken/token/ HTTP/1.1" 200 6085
[24/May/2018 03:06:31] "GET /admin/jsi18n/ HTTP/1.1" 200 3185
[24/May/2018 03:06:47] "GET /api/wallet/ HTTP/1.1" 200 67
[24/May/2018 03:06:55] "GET /api/carousel_figure HTTP/1.1" 301 0
[24/May/2018 03:06:55] "GET /api/supervises/ HTTP/1.1" 200 40
[24/May/2018 03:06:55] "GET /api/goals/ HTTP/1.1" 200 40
[24/May/2018 03:06:55] "GET /api/carousel_figure/ HTTP/1.1" 200 625

https://api.weixin.qq.com/sns/jscode2session?appid=wxed0b5e2f6f2b7361&secret=5c0b1ba0dd2b57cd3d81dac2932d1b22&js_code=071GR6xh0Oq1Ux13aXAh0jn0xh0GR6xI&grant_type=authorization_code
{'code': '0810qyUM1NwwB41X4TQM1ntdUM10qyU9', 'userImg': 'https://wx.qlogo.cn/mmopen/vi_32/Q0j4TwGTfTIAp5G6ia6ZtxWRiaMu4YMHG3c26wn9xEadtUD9sNBo2f4Lb9dIlIz1GArHYVGuyd1ZatpRuI2ftZNA/132', 'userName': ''}
https://api.weixin.qq.com/sns/jscode2session?appid=wxed0b5e2f6f2b7361&secret=5c0b1ba0dd2b57cd3d81dac2932d1b22&js_code=0810qyUM1NwwB41X4TQM1ntdUM10qyU9&grant_type=authorization_code
{'code': '071Nlf2r04gBbp1CBcYq0Kqg2r0Nlf2b', 'userImg': 'https://wx.qlogo.cn/mmopen/vi_32/Q0j4TwGTfTIAp5G6ia6ZtxWRiaMu4YMHG3c26wn9xEadtUD9sNBo2f4Lb9dIlIz1GArHYVGuyd1ZatpRuI2ftZNA/132', 'userName': ''}
https://api.weixin.qq.com/sns/jscode2session?appid=wxed0b5e2f6f2b7361&secret=5c0b1ba0dd2b57cd3d81dac2932d1b22&js_code=071Nlf2r04gBbp1CBcYq0Kqg2r0Nlf2b&grant_type=authorization_code
{'code': '071mZCPL0fBnt42MtlQL0S3sPL0mZCPA', 'userImg': 'https://wx.qlogo.cn/mmopen/vi_32/Q0j4TwGTfTIAp5G6ia6ZtxWRiaMu4YMHG3c26wn9xEadtUD9sNBo2f4Lb9dIlIz1GArHYVGuyd1ZatpRuI2ftZNA/132', 'userName': ''}
https://api.weixin.qq.com/sns/jscode2session?appid=wxed0b5e2f6f2b7361&secret=5c0b1ba0dd2b57cd3d81dac2932d1b22&js_code=071mZCPL0fBnt42MtlQL0S3sPL0mZCPA&grant_type=authorization_code
{'code': '0017EOa822k8RR0nfd9820fya827EOaC', 'userImg': 'https://wx.qlogo.cn/mmopen/vi_32/Q0j4TwGTfTIAp5G6ia6ZtxWRiaMu4YMHG3c26wn9xEadtUD9sNBo2f4Lb9dIlIz1GArHYVGuyd1ZatpRuI2ftZNA/132', 'userName': ''}
https://api.weixin.qq.com/sns/jscode2session?appid=wxed0b5e2f6f2b7361&secret=5c0b1ba0dd2b57cd3d81dac2932d1b22&js_code=0017EOa822k8RR0nfd9820fya827EOaC&grant_type=authorization_code
{'code': '021yicD51ImrFL1p3CG51X6nD51yicDy', 'userImg': 'https://wx.qlogo.cn/mmopen/vi_32/Q0j4TwGTfTIAp5G6ia6ZtxWRiaMu4YMHG3c26wn9xEadtUD9sNBo2f4Lb9dIlIz1GArHYVGuyd1ZatpRuI2ftZNA/132', 'userName': ''}
https://api.weixin.qq.com/sns/jscode2session?appid=wxed0b5e2f6f2b7361&secret=5c0b1ba0dd2b57cd3d81dac2932d1b22&js_code=021yicD51ImrFL1p3CG51X6nD51yicDy&grant_type=authorization_code
{'code': '001UOic92QGTBQ0tn2f92fZHc92UOic1', 'userImg': 'https://wx.qlogo.cn/mmopen/vi_32/Q0j4TwGTfTIAp5G6ia6ZtxWRiaMu4YMHG3c26wn9xEadtUD9sNBo2f4Lb9dIlIz1GArHYVGuyd1ZatpRuI2ftZNA/132', 'userName': ''}
https://api.weixin.qq.com/sns/jscode2session?appid=wxed0b5e2f6f2b7361&secret=5c0b1ba0dd2b57cd3d81dac2932d1b22&js_code=001UOic92QGTBQ0tn2f92fZHc92UOic1&grant_type=authorization_code
{'code': '001D6sUA1qBhKd03ptRA1tFsUA1D6sUY', 'userImg': 'https://wx.qlogo.cn/mmopen/vi_32/Q0j4TwGTfTIAp5G6ia6ZtxWRiaMu4YMHG3c26wn9xEadtUD9sNBo2f4Lb9dIlIz1GArHYVGuyd1ZatpRuI2ftZNA/132', 'userName': ''}
https://api.weixin.qq.com/sns/jscode2session?appid=wxed0b5e2f6f2b7361&secret=5c0b1ba0dd2b57cd3d81dac2932d1b22&js_code=001D6sUA1qBhKd03ptRA1tFsUA1D6sUY&grant_type=authorization_code
{'code': '0110oCgf1nOsfz0QtNff1fnxgf10oCgo', 'userImg': 'https://wx.qlogo.cn/mmopen/vi_32/Q0j4TwGTfTIAp5G6ia6ZtxWRiaMu4YMHG3c26wn9xEadtUD9sNBo2f4Lb9dIlIz1GArHYVGuyd1ZatpRuI2ftZNA/132', 'userName': ''}
https://api.weixin.qq.com/sns/jscode2session?appid=wxed0b5e2f6f2b7361&secret=5c0b1ba0dd2b57cd3d81dac2932d1b22&js_code=0110oCgf1nOsfz0QtNff1fnxgf10oCgo&grant_type=authorization_code
{'code': '001xQbz01V9JKY1bRXw01Arrz01xQbzn', 'userImg': 'https://wx.qlogo.cn/mmopen/vi_32/Q0j4TwGTfTIAp5G6ia6ZtxWRiaMu4YMHG3c26wn9xEadtUD9sNBo2f4Lb9dIlIz1GArHYVGuyd1ZatpRuI2ftZNA/132', 'userName': ''}
https://api.weixin.qq.com/sns/jscode2session?appid=wxed0b5e2f6f2b7361&secret=5c0b1ba0dd2b57cd3d81dac2932d1b22&js_code=001xQbz01V9JKY1bRXw01Arrz01xQbzn&grant_type=authorization_code
{'code': '0110risf0yRAkA1z9Lqf06Mgsf00risE', 'userImg': 'https://wx.qlogo.cn/mmopen/vi_32/Q0j4TwGTfTIAp5G6ia6ZtxWRiaMu4YMHG3c26wn9xEadtUD9sNBo2f4Lb9dIlIz1GArHYVGuyd1ZatpRuI2ftZNA/132', 'userName': ''}
https://api.weixin.qq.com/sns/jscode2session?appid=wxed0b5e2f6f2b7361&secret=5c0b1ba0dd2b57cd3d81dac2932d1b22&js_code=0110risf0yRAkA1z9Lqf06Mgsf00risE&grant_type=authorization_code
{'code': '011eIkLc04076t1fTTHc0gMiLc0eIkL1', 'userImg': 'https://wx.qlogo.cn/mmopen/vi_32/Q0j4TwGTfTIAp5G6ia6ZtxWRiaMu4YMHG3c26wn9xEadtUD9sNBo2f4Lb9dIlIz1GArHYVGuyd1ZatpRuI2ftZNA/132', 'userName': ''}
https://api.weixin.qq.com/sns/jscode2session?appid=wxed0b5e2f6f2b7361&secret=5c0b1ba0dd2b57cd3d81dac2932d1b22&js_code=011eIkLc04076t1fTTHc0gMiLc0eIkL1&grant_type=authorization_code
{'code': '02114bZ102jH0F16K5X1050QY1014bZL', 'userImg': 'https://wx.qlogo.cn/mmopen/vi_32/Q0j4TwGTfTIAp5G6ia6ZtxWRiaMu4YMHG3c26wn9xEadtUD9sNBo2f4Lb9dIlIz1GArHYVGuyd1ZatpRuI2ftZNA/132', 'userName': ''}
https://api.weixin.qq.com/sns/jscode2session?appid=wxed0b5e2f6f2b7361&secret=5c0b1ba0dd2b57cd3d81dac2932d1b22&js_code=02114bZ102jH0F16K5X1050QY1014bZL&grant_type=authorization_code
{'code': '061EGzhJ0FMMNh2atHiJ039VhJ0EGzhx', 'userImg': 'https://wx.qlogo.cn/mmopen/vi_32/Q0j4TwGTfTIAp5G6ia6ZtxWRiaMu4YMHG3c26wn9xEadtUD9sNBo2f4Lb9dIlIz1GArHYVGuyd1ZatpRuI2ftZNA/132', 'userName': ''}
https://api.weixin.qq.com/sns/jscode2session?appid=wxed0b5e2f6f2b7361&secret=5c0b1ba0dd2b57cd3d81dac2932d1b22&js_code=061EGzhJ0FMMNh2atHiJ039VhJ0EGzhx&grant_type=authorization_code
{'code': '071onooc0A441v1Oigoc0Z2soc0onooK', 'userImg': 'https://wx.qlogo.cn/mmopen/vi_32/Q0j4TwGTfTIAp5G6ia6ZtxWRiaMu4YMHG3c26wn9xEadtUD9sNBo2f4Lb9dIlIz1GArHYVGuyd1ZatpRuI2ftZNA/132', 'userName': ''}
https://api.weixin.qq.com/sns/jscode2session?appid=wxed0b5e2f6f2b7361&secret=5c0b1ba0dd2b57cd3d81dac2932d1b22&js_code=071onooc0A441v1Oigoc0Z2soc0onooK&grant_type=authorization_code
{'code': '081VuLL30x9XhC1BuBN30dLZL30VuLLn', 'userImg': 'https://wx.qlogo.cn/mmopen/vi_32/Q0j4TwGTfTIAp5G6ia6ZtxWRiaMu4YMHG3c26wn9xEadtUD9sNBo2f4Lb9dIlIz1GArHYVGuyd1ZatpRuI2ftZNA/132', 'userName': ''}
https://api.weixin.qq.com/sns/jscode2session?appid=wxed0b5e2f6f2b7361&secret=5c0b1ba0dd2b57cd3d81dac2932d1b22&js_code=081VuLL30x9XhC1BuBN30dLZL30VuLLn&grant_type=authorization_code
{'code': '081fqm0m0EXWck1Hu34m0Pj90m0fqm0y', 'userImg': 'https://wx.qlogo.cn/mmopen/vi_32/Q0j4TwGTfTIAp5G6ia6ZtxWRiaMu4YMHG3c26wn9xEadtUD9sNBo2f4Lb9dIlIz1GArHYVGuyd1ZatpRuI2ftZNA/132', 'userName': ''}
https://api.weixin.qq.com/sns/jscode2session?appid=wxed0b5e2f6f2b7361&secret=5c0b1ba0dd2b57cd3d81dac2932d1b22&js_code=081fqm0m0EXWck1Hu34m0Pj90m0fqm0y&grant_type=authorization_code
{'code': '021cd8wo17OFlq0n8Vvo1IIdwo1cd8w5', 'userImg': 'https://wx.qlogo.cn/mmopen/vi_32/Q0j4TwGTfTIAp5G6ia6ZtxWRiaMu4YMHG3c26wn9xEadtUD9sNBo2f4Lb9dIlIz1GArHYVGuyd1ZatpRuI2ftZNA/132', 'userName': ''}
https://api.weixin.qq.com/sns/jscode2session?appid=wxed0b5e2f6f2b7361&secret=5c0b1ba0dd2b57cd3d81dac2932d1b22&js_code=021cd8wo17OFlq0n8Vvo1IIdwo1cd8w5&grant_type=authorization_code
{'code': '011UGcvN0B17S32W4nuN0uYTuN0UGcva', 'userImg': 'https://wx.qlogo.cn/mmopen/vi_32/Q0j4TwGTfTIAp5G6ia6ZtxWRiaMu4YMHG3c26wn9xEadtUD9sNBo2f4Lb9dIlIz1GArHYVGuyd1ZatpRuI2ftZNA/132', 'userName': ''}
https://api.weixin.qq.com/sns/jscode2session?appid=wxed0b5e2f6f2b7361&secret=5c0b1ba0dd2b57cd3d81dac2932d1b22&js_code=011UGcvN0B17S32W4nuN0uYTuN0UGcva&grant_type=authorization_code
{'code': '0619EDEa06k1yv1D7THa0lpIEa09EDE1', 'userImg': 'https://wx.qlogo.cn/mmopen/vi_32/Q0j4TwGTfTIAp5G6ia6ZtxWRiaMu4YMHG3c26wn9xEadtUD9sNBo2f4Lb9dIlIz1GArHYVGuyd1ZatpRuI2ftZNA/132', 'userName': ''}
https://api.weixin.qq.com/sns/jscode2session?appid=wxed0b5e2f6f2b7361&secret=5c0b1ba0dd2b57cd3d81dac2932d1b22&js_code=0619EDEa06k1yv1D7THa0lpIEa09EDE1&grant_type=authorization_code
{'code': '071MFfnS0Ol4J82g2fmS0hkanS0MFfnf', 'userImg': 'https://wx.qlogo.cn/mmopen/vi_32/Q0j4TwGTfTIAp5G6ia6ZtxWRiaMu4YMHG3c26wn9xEadtUD9sNBo2f4Lb9dIlIz1GArHYVGuyd1ZatpRuI2ftZNA/132', 'userName': ''}
https://api.weixin.qq.com/sns/jscode2session?appid=wxed0b5e2f6f2b7361&secret=5c0b1ba0dd2b57cd3d81dac2932d1b22&js_code=071MFfnS0Ol4J82g2fmS0hkanS0MFfnf&grant_type=authorization_code
{'code': '081nXOnq1yaoUp0beZmq15XLnq1nXOnY', 'userImg': 'https://wx.qlogo.cn/mmopen/vi_32/Q0j4TwGTfTIAp5G6ia6ZtxWRiaMu4YMHG3c26wn9xEadtUD9sNBo2f4Lb9dIlIz1GArHYVGuyd1ZatpRuI2ftZNA/132', 'userName': ''}[24/May/2018 03:06:55] "POST /api/login/ HTTP/1.1" 200 56
[24/May/2018 03:07:02] "GET /api/clocks/ HTTP/1.1" 200 40
[24/May/2018 03:07:18] "GET /api/transaction_records/ HTTP/1.1" 200 40
[24/May/2018 03:07:18] "GET /api/wallet/ HTTP/1.1" 200 67
[24/May/2018 03:08:11] "GET /api/carousel_figure HTTP/1.1" 301 0
[24/May/2018 03:08:11] "GET /api/supervises/ HTTP/1.1" 200 40
[24/May/2018 03:08:11] "GET /api/goals/ HTTP/1.1" 200 40
[24/May/2018 03:08:11] "GET /api/carousel_figure/ HTTP/1.1" 200 625
[24/May/2018 03:08:11] "POST /api/login/ HTTP/1.1" 200 56
[24/May/2018 03:08:12] "GET /api/clocks/ HTTP/1.1" 200 40
[24/May/2018 03:08:19] "GET /api/transaction_records/ HTTP/1.1" 200 40
[24/May/2018 03:08:19] "GET /api/wallet/ HTTP/1.1" 200 67
[24/May/2018 03:08:21] "GET /api/wallet/ HTTP/1.1" 200 67
[24/May/2018 03:09:31] "GET /api/carousel_figure HTTP/1.1" 301 0
[24/May/2018 03:09:31] "GET /api/goals/ HTTP/1.1" 200 2948
[24/May/2018 03:09:31] "GET /api/supervises/ HTTP/1.1" 200 1319
[24/May/2018 03:09:31] "GET /api/carousel_figure/ HTTP/1.1" 200 625
[24/May/2018 03:09:31] "POST /api/login/ HTTP/1.1" 200 56
[24/May/2018 03:09:47] "GET /api/clocks/ HTTP/1.1" 200 40
[24/May/2018 03:14:39] "POST /api/clocks/ HTTP/1.1" 200 31
[24/May/2018 03:15:08] "GET /api/carousel_figure HTTP/1.1" 301 0
[24/May/2018 03:15:08] "GET /api/supervises/ HTTP/1.1" 200 1319
[24/May/2018 03:15:08] "GET /api/goals/ HTTP/1.1" 200 2948
[24/May/2018 03:15:08] "GET /api/carousel_figure/ HTTP/1.1" 200 625
[24/May/2018 03:15:09] "POST /api/login/ HTTP/1.1" 200 56
[24/May/2018 03:15:10] "GET /api/goals/ HTTP/1.1" 200 2948
[24/May/2018 03:15:12] "GET /api/clocks/ HTTP/1.1" 200 40
[24/May/2018 03:15:24] "POST /api/clocks/ HTTP/1.1" 200 31
[24/May/2018 03:16:03] "GET /admin/ HTTP/1.1" 200 8925
[24/May/2018 03:16:14] "GET /admin/ HTTP/1.1" 200 8925
[24/May/2018 03:16:17] "GET /api HTTP/1.1" 301 0
[24/May/2018 03:16:17] "GET /api/ HTTP/1.1" 200 10557
[24/May/2018 03:16:17] "GET /static/rest_framework/css/prettify.css HTTP/1.1" 200 817
[24/May/2018 03:16:17] "GET /static/rest_framework/css/bootstrap-tweaks.css HTTP/1.1" 200 3385
[24/May/2018 03:16:17] "GET /static/rest_framework/css/default.css HTTP/1.1" 200 1131
[24/May/2018 03:16:17] "GET /static/rest_framework/js/jquery-3.3.1.min.js HTTP/1.1" 200 86927
[24/May/2018 03:16:17] "GET /static/rest_framework/js/ajax-form.js HTTP/1.1" 200 3597
[24/May/2018 03:16:17] "GET /static/rest_framework/css/bootstrap.min.css HTTP/1.1" 200 121200
[24/May/2018 03:16:17] "GET /static/rest_framework/js/csrf.js HTTP/1.1" 200 1735
[24/May/2018 03:16:17] "GET /static/rest_framework/js/bootstrap.min.js HTTP/1.1" 200 37045
[24/May/2018 03:16:17] "GET /static/rest_framework/js/prettify-min.js HTTP/1.1" 200 13632
[24/May/2018 03:16:17] "GET /static/rest_framework/js/default.js HTTP/1.1" 200 1262
[24/May/2018 03:16:17] "GET /static/rest_framework/img/grid.png HTTP/1.1" 200 1458
Internal Server Error: /api/clocks/
Traceback (most recent call last):
  File "/usr/local/lib64/python3.6/site-packages/django/core/handlers/exception.py", line 35, in inner
    response = get_response(request)
  File "/usr/local/lib64/python3.6/site-packages/django/core/handlers/base.py", line 158, in _get_response
    response = self.process_exception_by_middleware(e, request)
  File "/usr/local/lib64/python3.6/site-packages/django/core/handlers/base.py", line 156, in _get_response
    response = response.render()
  File "/usr/local/lib64/python3.6/site-packages/django/template/response.py", line 106, in render
    self.content = self.rendered_content
  File "/home/xwb/.local/lib/python3.6/site-packages/rest_framework/response.py", line 72, in rendered_content
    ret = renderer.render(self.data, accepted_media_type, context)
  File "/home/xwb/.local/lib/python3.6/site-packages/rest_framework/renderers.py", line 724, in render
    context = self.get_context(data, accepted_media_type, renderer_context)
  File "/home/xwb/.local/lib/python3.6/site-packages/rest_framework/renderers.py", line 656, in get_context
    raw_data_post_form = self.get_raw_data_form(data, view, 'POST', request)
  File "/home/xwb/.local/lib/python3.6/site-packages/rest_framework/renderers.py", line 572, in get_raw_data_form
    data = serializer.data.copy()
  File "/home/xwb/.local/lib/python3.6/site-packages/rest_framework/serializers.py", line 560, in data
    ret = super(Serializer, self).data
  File "/home/xwb/.local/lib/python3.6/site-packages/rest_framework/serializers.py", line 266, in data
    self._data = self.get_initial()
  File "/home/xwb/.local/lib/python3.6/site-packages/rest_framework/serializers.py", line 413, in get_initial
    for field in self.fields.values()
  File "/home/xwb/.local/lib/python3.6/site-packages/rest_framework/serializers.py", line 363, in fields
    for key, value in self.get_fields().items():
  File "/home/xwb/.local/lib/python3.6/site-packages/rest_framework/serializers.py", line 1020, in get_fields
    field_names = self.get_field_names(declared_fields, info)
  File "/home/xwb/.local/lib/python3.6/site-packages/rest_framework/serializers.py", line 1121, in get_field_names
    serializer_class=self.__class__.__name__
AssertionError: The field 'pictures' was declared on serializer ClockSerializer, but has not been included in the 'fields' option.
[24/May/2018 03:16:19] "GET /api/clocks/ HTTP/1.1" 500 126709
Internal Server Error: /api/clocks/
Traceback (most recent call last):
  File "/usr/local/lib64/python3.6/site-packages/django/core/handlers/exception.py", line 35, in inner
    response = get_response(request)
  File "/usr/local/lib64/python3.6/site-packages/django/core/handlers/base.py", line 158, in _get_response
    response = self.process_exception_by_middleware(e, request)
  File "/usr/local/lib64/python3.6/site-packages/django/core/handlers/base.py", line 156, in _get_response
    response = response.render()
  File "/usr/local/lib64/python3.6/site-packages/django/template/response.py", line 106, in render
    self.content = self.rendered_content
  File "/home/xwb/.local/lib/python3.6/site-packages/rest_framework/response.py", line 72, in rendered_content
    ret = renderer.render(self.data, accepted_media_type, context)
  File "/home/xwb/.local/lib/python3.6/site-packages/rest_framework/renderers.py", line 724, in render
    context = self.get_context(data, accepted_media_type, renderer_context)
  File "/home/xwb/.local/lib/python3.6/site-packages/rest_framework/renderers.py", line 656, in get_context
    raw_data_post_form = self.get_raw_data_form(data, view, 'POST', request)
  File "/home/xwb/.local/lib/python3.6/site-packages/rest_framework/renderers.py", line 572, in get_raw_data_form
    data = serializer.data.copy()
  File "/home/xwb/.local/lib/python3.6/site-packages/rest_framework/serializers.py", line 560, in data
    ret = super(Serializer, self).data
  File "/home/xwb/.local/lib/python3.6/site-packages/rest_framework/serializers.py", line 266, in data
    self._data = self.get_initial()
  File "/home/xwb/.local/lib/python3.6/site-packages/rest_framework/serializers.py", line 413, in get_initial
    for field in self.fields.values()
  File "/home/xwb/.local/lib/python3.6/site-packages/rest_framework/serializers.py", line 363, in fields
    for key, value in self.get_fields().items():
  File "/home/xwb/.local/lib/python3.6/site-packages/rest_framework/serializers.py", line 1020, in get_fields
    field_names = self.get_field_names(declared_fields, info)
  File "/home/xwb/.local/lib/python3.6/site-packages/rest_framework/serializers.py", line 1121, in get_field_names
    serializer_class=self.__class__.__name__
AssertionError: The field 'pictures' was declared on serializer ClockSerializer, but has not been included in the 'fields' option.
[24/May/2018 03:16:24] "GET /api/clocks/ HTTP/1.1" 500 126844
Internal Server Error: /api/clocks/
Traceback (most recent call last):
  File "/usr/local/lib64/python3.6/site-packages/django/core/handlers/exception.py", line 35, in inner
    response = get_response(request)
  File "/usr/local/lib64/python3.6/site-packages/django/core/handlers/base.py", line 158, in _get_response
    response = self.process_exception_by_middleware(e, request)
  File "/usr/local/lib64/python3.6/site-packages/django/core/handlers/base.py", line 156, in _get_response
    response = response.render()
  File "/usr/local/lib64/python3.6/site-packages/django/template/response.py", line 106, in render
    self.content = self.rendered_content
  File "/home/xwb/.local/lib/python3.6/site-packages/rest_framework/response.py", line 72, in rendered_content
    ret = renderer.render(self.data, accepted_media_type, context)
  File "/home/xwb/.local/lib/python3.6/site-packages/rest_framework/renderers.py", line 724, in render
    context = self.get_context(data, accepted_media_type, renderer_context)
  File "/home/xwb/.local/lib/python3.6/site-packages/rest_framework/renderers.py", line 656, in get_context
    raw_data_post_form = self.get_raw_data_form(data, view, 'POST', request)
  File "/home/xwb/.local/lib/python3.6/site-packages/rest_framework/renderers.py", line 572, in get_raw_data_form
    data = serializer.data.copy()
  File "/home/xwb/.local/lib/python3.6/site-packages/rest_framework/serializers.py", line 560, in data
    ret = super(Serializer, self).data
  File "/home/xwb/.local/lib/python3.6/site-packages/rest_framework/serializers.py", line 266, in data
    self._data = self.get_initial()
  File "/home/xwb/.local/lib/python3.6/site-packages/rest_framework/serializers.py", line 413, in get_initial
    for field in self.fields.values()
  File "/home/xwb/.local/lib/python3.6/site-packages/rest_framework/serializers.py", line 363, in fields
    for key, value in self.get_fields().items():
  File "/home/xwb/.local/lib/python3.6/site-packages/rest_framework/serializers.py", line 1020, in get_fields
    field_names = self.get_field_names(declared_fields, info)
  File "/home/xwb/.local/lib/python3.6/site-packages/rest_framework/serializers.py", line 1121, in get_field_names
    serializer_class=self.__class__.__name__
AssertionError: The field 'pictures' was declared on serializer ClockSerializer, but has not been included in the 'fields' option.
[24/May/2018 03:16:32] "GET /api/clocks/ HTTP/1.1" 500 126709
[24/May/2018 03:16:40] "POST /api/clocks/ HTTP/1.1" 200 137
[24/May/2018 03:17:00] "POST /api/clocks/ HTTP/1.1" 200 31
[24/May/2018 03:17:06] "POST /api/clocks/ HTTP/1.1" 200 31
[24/May/2018 03:17:13] "POST /api/clocks/ HTTP/1.1" 200 137
[24/May/2018 03:17:26] "POST /api/clocks/ HTTP/1.1" 200 31
[24/May/2018 03:17:38] "POST /api/clocks/ HTTP/1.1" 200 31
[24/May/2018 03:18:05] "POST /api/clocks/ HTTP/1.1" 200 31
[24/May/2018 03:18:17] "POST /api/clocks/ HTTP/1.1" 200 31
[24/May/2018 03:19:03] "POST /api/clocks/ HTTP/1.1" 200 31
Internal Server Error: /api/opinions
Traceback (most recent call last):
  File "/usr/local/lib64/python3.6/site-packages/django/core/handlers/exception.py", line 35, in inner
    response = get_response(request)
  File "/usr/local/lib64/python3.6/site-packages/django/utils/deprecation.py", line 93, in __call__
    response = self.process_request(request)
  File "/usr/local/lib64/python3.6/site-packages/django/middleware/common.py", line 61, in process_request
    path = self.get_full_path_with_slash(request)
  File "/usr/local/lib64/python3.6/site-packages/django/middleware/common.py", line 99, in get_full_path_with_slash
    'url': request.get_host() + new_path,
RuntimeError: You called this URL via POST, but the URL doesn't end in a slash and you have APPEND_SLASH set. Django can't redirect to the slash URL while maintaining POST data. Change your form to point to 192.168.0.98:8080/api/opinions/ (note the trailing slash), or set APPEND_SLASH=False in your Django settings.
[24/May/2018 03:20:22] "POST /api/opinions HTTP/1.1" 500 63969
Internal Server Error: /api/opinions
Traceback (most recent call last):
  File "/usr/local/lib64/python3.6/site-packages/django/core/handlers/exception.py", line 35, in inner
    response = get_response(request)
  File "/usr/local/lib64/python3.6/site-packages/django/utils/deprecation.py", line 93, in __call__
    response = self.process_request(request)
  File "/usr/local/lib64/python3.6/site-packages/django/middleware/common.py", line 61, in process_request
    path = self.get_full_path_with_slash(request)
  File "/usr/local/lib64/python3.6/site-packages/django/middleware/common.py", line 99, in get_full_path_with_slash
    'url': request.get_host() + new_path,
RuntimeError: You called this URL via POST, but the URL doesn't end in a slash and you have APPEND_SLASH set. Django can't redirect to the slash URL while maintaining POST data. Change your form to point to 192.168.0.98:8080/api/opinions/ (note the trailing slash), or set APPEND_SLASH=False in your Django settings.
[24/May/2018 03:20:54] "POST /api/opinions HTTP/1.1" 500 63606
[24/May/2018 03:21:31] "GET /api/carousel_figure HTTP/1.1" 301 0
[24/May/2018 03:21:31] "GET /api/goals/ HTTP/1.1" 200 2948
[24/May/2018 03:21:31] "GET /api/supervises/ HTTP/1.1" 200 1319
[24/May/2018 03:21:32] "GET /api/carousel_figure/ HTTP/1.1" 200 625
[24/May/2018 03:21:32] "POST /api/login/ HTTP/1.1" 200 56
[24/May/2018 03:22:28] "GET /api/carousel_figure HTTP/1.1" 301 0
[24/May/2018 03:22:28] "GET /api/goals/ HTTP/1.1" 200 2948
[24/May/2018 03:22:28] "GET /api/supervises/ HTTP/1.1" 200 1319
[24/May/2018 03:22:28] "GET /api/carousel_figure/ HTTP/1.1" 200 625
[24/May/2018 03:22:29] "POST /api/login/ HTTP/1.1" 200 56
[24/May/2018 03:22:58] "GET /api/carousel_figure HTTP/1.1" 301 0
[24/May/2018 03:22:58] "GET /api/supervises/ HTTP/1.1" 200 1319
[24/May/2018 03:22:58] "GET /api/carousel_figure/ HTTP/1.1" 200 625
[24/May/2018 03:22:58] "GET /api/goals/ HTTP/1.1" 200 2948
[24/May/2018 03:22:59] "POST /api/login/ HTTP/1.1" 200 56
[24/May/2018 03:29:34] "POST /api/login/ HTTP/1.1" 200 56
[24/May/2018 03:29:35] "GET /api/carousel_figure HTTP/1.1" 301 0
[24/May/2018 03:29:36] "GET /api/carousel_figure/ HTTP/1.1" 200 625
[24/May/2018 03:29:36] "GET /api/supervises/ HTTP/1.1" 200 1319
[24/May/2018 03:29:36] "GET /api/goals/ HTTP/1.1" 200 2948
[24/May/2018 03:29:59] "POST /api/login/ HTTP/1.1" 200 56
[24/May/2018 03:29:59] "GET /api/carousel_figure HTTP/1.1" 301 0
[24/May/2018 03:29:59] "GET /api/carousel_figure/ HTTP/1.1" 200 625
[24/May/2018 03:29:59] "GET /api/supervises/ HTTP/1.1" 200 1319
[24/May/2018 03:29:59] "GET /api/goals/ HTTP/1.1" 200 2948
[24/May/2018 03:30:48] "POST /api/login/ HTTP/1.1" 200 56
[24/May/2018 03:30:48] "GET /api/carousel_figure HTTP/1.1" 301 0
[24/May/2018 03:30:48] "GET /api/carousel_figure/ HTTP/1.1" 200 625
[24/May/2018 03:30:48] "GET /api/goals/ HTTP/1.1" 200 2948
[24/May/2018 03:30:48] "GET /api/supervises/ HTTP/1.1" 200 1319
[24/May/2018 03:31:52] "POST /api/login/ HTTP/1.1" 200 56
[24/May/2018 03:31:53] "GET /api/carousel_figure HTTP/1.1" 301 0
[24/May/2018 03:31:53] "GET /api/carousel_figure/ HTTP/1.1" 200 625
[24/May/2018 03:31:53] "GET /api/supervises/ HTTP/1.1" 200 1319
[24/May/2018 03:31:53] "GET /api/goals/ HTTP/1.1" 200 2948
[24/May/2018 03:32:04] "POST /api/login/ HTTP/1.1" 200 56
[24/May/2018 03:32:04] "GET /api/carousel_figure HTTP/1.1" 301 0
[24/May/2018 03:32:04] "GET /api/supervises/ HTTP/1.1" 200 1319
[24/May/2018 03:32:04] "GET /api/goals/ HTTP/1.1" 200 2948
[24/May/2018 03:32:04] "GET /api/carousel_figure/ HTTP/1.1" 200 625
[24/May/2018 03:35:11] "GET /api/carousel_figure HTTP/1.1" 301 0
[24/May/2018 03:35:11] "GET /api/goals/ HTTP/1.1" 200 2948
[24/May/2018 03:35:11] "GET /api/supervises/ HTTP/1.1" 200 1319
[24/May/2018 03:35:11] "GET /api/carousel_figure/ HTTP/1.1" 200 625
Internal Server Error: /api/login/
Traceback (most recent call last):
  File "/usr/local/lib64/python3.6/site-packages/django/core/handlers/exception.py", line 35, in inner
    response = get_response(request)
  File "/usr/local/lib64/python3.6/site-packages/django/core/handlers/base.py", line 158, in _get_response
    response = self.process_exception_by_middleware(e, request)
  File "/usr/local/lib64/python3.6/site-packages/django/core/handlers/base.py", line 156, in _get_response
    response = response.render()
  File "/usr/local/lib64/python3.6/site-packages/django/template/response.py", line 106, in render
    self.content = self.rendered_content
  File "/home/xwb/.local/lib/python3.6/site-packages/rest_framework/response.py", line 72, in rendered_content
    ret = renderer.render(self.data, accepted_media_type, context)
  File "/home/xwb/.local/lib/python3.6/site-packages/rest_framework/renderers.py", line 105, in render
    allow_nan=not self.strict, separators=separators
  File "/home/xwb/.local/lib/python3.6/site-packages/rest_framework/utils/json.py", line 28, in dumps
    return json.dumps(*args, **kwargs)
  File "/usr/lib64/python3.6/json/__init__.py", line 238, in dumps
    **kw).encode(obj)
  File "/usr/lib64/python3.6/json/encoder.py", line 199, in encode
    chunks = self.iterencode(o, _one_shot=True)
  File "/usr/lib64/python3.6/json/encoder.py", line 257, in iterencode
    return _iterencode(o, 0)
  File "/home/xwb/.local/lib/python3.6/site-packages/rest_framework/utils/encoders.py", line 68, in default
    return super(JSONEncoder, self).default(obj)
  File "/usr/lib64/python3.6/json/encoder.py", line 180, in default
    o.__class__.__name__)
TypeError: Object of type 'MaxRetryError' is not JSON serializable
[24/May/2018 03:35:11] "POST /api/login/ HTTP/1.1" 500 105242
[24/May/2018 03:35:19] "GET /api/clocks/ HTTP/1.1" 200 40
[24/May/2018 03:35:24] "POST /api/login/ HTTP/1.1" 200 56
[24/May/2018 03:35:49] "GET /api/carousel_figure HTTP/1.1" 301 0
[24/May/2018 03:35:49] "GET /api/supervises/ HTTP/1.1" 200 1319
[24/May/2018 03:35:49] "GET /api/carousel_figure/ HTTP/1.1" 200 625
[24/May/2018 03:35:49] "GET /api/goals/ HTTP/1.1" 200 2948
[24/May/2018 03:35:49] "POST /api/login/ HTTP/1.1" 200 56
[24/May/2018 03:38:30] "GET /api/carousel_figure HTTP/1.1" 301 0
[24/May/2018 03:38:30] "POST /api/login/ HTTP/1.1" 200 56
[24/May/2018 03:38:30] "GET /api/carousel_figure/ HTTP/1.1" 200 625
[24/May/2018 03:38:30] "GET /api/supervises/ HTTP/1.1" 200 1319
[24/May/2018 03:38:30] "GET /api/goals/ HTTP/1.1" 200 2948
[24/May/2018 03:38:44] "GET /api/carousel_figure HTTP/1.1" 301 0
[24/May/2018 03:38:44] "GET /api/supervises/ HTTP/1.1" 200 1319
[24/May/2018 03:38:44] "GET /api/carousel_figure/ HTTP/1.1" 200 625
[24/May/2018 03:38:44] "GET /api/goals/ HTTP/1.1" 200 2948
[24/May/2018 03:38:44] "POST /api/login/ HTTP/1.1" 200 56
[24/May/2018 03:40:10] "GET /api/carousel_figure HTTP/1.1" 301 0
[24/May/2018 03:40:10] "GET /api/carousel_figure/ HTTP/1.1" 200 625
[24/May/2018 03:40:10] "GET /api/supervises/ HTTP/1.1" 200 1319
[24/May/2018 03:40:10] "GET /api/goals/ HTTP/1.1" 200 2948

https://api.weixin.qq.com/sns/jscode2session?appid=wxed0b5e2f6f2b7361&secret=5c0b1ba0dd2b57cd3d81dac2932d1b22&js_code=081nXOnq1yaoUp0beZmq15XLnq1nXOnY&grant_type=authorization_code
{'code': '021VNNNa1mTuLu0G8WMa19iONa1VNNNW', 'userImg': 'https://wx.qlogo.cn/mmopen/vi_32/Q0j4TwGTfTIAp5G6ia6ZtxWRiaMu4YMHG3c26wn9xEadtUD9sNBo2f4Lb9dIlIz1GArHYVGuyd1ZatpRuI2ftZNA/132', 'userName': ''}
https://api.weixin.qq.com/sns/jscode2session?appid=wxed0b5e2f6f2b7361&secret=5c0b1ba0dd2b57cd3d81dac2932d1b22&js_code=021VNNNa1mTuLu0G8WMa19iONa1VNNNW&grant_type=authorization_code
{'code': '001WQTs10S8HwE1iTfs10kqat10WQTsJ', 'userImg': 'https://wx.qlogo.cn/mmopen/vi_32/Q0j4TwGTfTKiaNDFLxRqCJb4U1V0gAX6ycsKwvGEaBCukJicnGJE8f6rnIkeZCu642HiaRICFLIJPlHztAODZZ77w/132', 'userName': 'Rotl'}
https://api.weixin.qq.com/sns/jscode2session?appid=wxed0b5e2f6f2b7361&secret=5c0b1ba0dd2b57cd3d81dac2932d1b22&js_code=001WQTs10S8HwE1iTfs10kqat10WQTsJ&grant_type=authorization_code
<QueryDict: {'content': [''], 'goal': ['1'], 'img': [<InMemoryUploadedFile: 5a5d5ca31bee1.jpg (image/jpeg)>, <InMemoryUploadedFile: 5a5d5ca1353ff.jpg (image/jpeg)>]}>
{'code': '0217u4n41rqYDM15Ifp41XzWm417u4nU', 'userImg': 'https://wx.qlogo.cn/mmopen/vi_32/Q0j4TwGTfTKiaNDFLxRqCJb4U1V0gAX6ycsKwvGEaBCukJicnGJE8f6rnIkeZCu642HiaRICFLIJPlHztAODZZ77w/132', 'userName': 'Rotl'}
https://api.weixin.qq.com/sns/jscode2session?appid=wxed0b5e2f6f2b7361&secret=5c0b1ba0dd2b57cd3d81dac2932d1b22&js_code=0217u4n41rqYDM15Ifp41XzWm417u4nU&grant_type=authorization_code
<QueryDict: {'content': [''], 'goal': ['1'], 'img': [<InMemoryUploadedFile: 5a5d5ca31bee1.jpg (image/jpeg)>]}>
<QueryDict: {'content': [''], 'goal': ['1'], 'pictures': [<InMemoryUploadedFile: 5a5d5ca31bee1.jpg (image/jpeg)>]}>
<QueryDict: {'content': [''], 'goal': ['1'], 'img': [<InMemoryUploadedFile: 5a5d5ca31bee1.jpg (image/jpeg)>]}>
<QueryDict: {'content': [''], 'goal': ['1'], 'imgs': [<InMemoryUploadedFile: 5a5d5ca31bee1.jpg (image/jpeg)>]}>
<QueryDict: {'content': [''], 'goal': ['1'], 'pictures': [<InMemoryUploadedFile: 5a5d5ca31bee1.jpg (image/jpeg)>]}>
<QueryDict: {'content': [''], 'goal': ['1'], 'imgs': [<InMemoryUploadedFile: 5a5d5ca31bee1.jpg (image/jpeg)>]}>
<QueryDict: {'content': [''], 'goal': ['1'], 'imgs': [<InMemoryUploadedFile: 5a5d5ca31bee1.jpg (image/jpeg)>, <InMemoryUploadedFile: 5a5d5ca1353ff.jpg (image/jpeg)>]}>
<QueryDict: {'content': [''], 'goal': ['1']}>
<QueryDict: {'content': [''], 'goal': ['1']}>
{'content': '', 'goal': 1}
{'code': '071jttzk1a68qm0PQByk1ZXwzk1jttzN', 'userImg': 'https://wx.qlogo.cn/mmopen/vi_32/Q0j4TwGTfTKiaNDFLxRqCJb4U1V0gAX6ycsKwvGEaBCukJicnGJE8f6rnIkeZCu642HiaRICFLIJPlHztAODZZ77w/132', 'userName': 'Rotl'}
https://api.weixin.qq.com/sns/jscode2session?appid=wxed0b5e2f6f2b7361&secret=5c0b1ba0dd2b57cd3d81dac2932d1b22&js_code=071jttzk1a68qm0PQByk1ZXwzk1jttzN&grant_type=authorization_code
{'code': '0117qnjd1RhAKs0mHrmd11Fvjd17qnjJ', 'userImg': 'https://wx.qlogo.cn/mmopen/vi_32/Q0j4TwGTfTKiaNDFLxRqCJb4U1V0gAX6ycsKwvGEaBCukJicnGJE8f6rnIkeZCu642HiaRICFLIJPlHztAODZZ77w/132', 'userName': 'Rotl'}
https://api.weixin.qq.com/sns/jscode2session?appid=wxed0b5e2f6f2b7361&secret=5c0b1ba0dd2b57cd3d81dac2932d1b22&js_code=0117qnjd1RhAKs0mHrmd11Fvjd17qnjJ&grant_type=authorization_code
{'code': '011fWdwu19YBTb0wQitu1bXgwu1fWdwN', 'userImg': 'https://wx.qlogo.cn/mmopen/vi_32/Q0j4TwGTfTKiaNDFLxRqCJb4U1V0gAX6ycsKwvGEaBCukJicnGJE8f6rnIkeZCu642HiaRICFLIJPlHztAODZZ77w/132', 'userName': 'Rotl'}
https://api.weixin.qq.com/sns/jscode2session?appid=wxed0b5e2f6f2b7361&secret=5c0b1ba0dd2b57cd3d81dac2932d1b22&js_code=011fWdwu19YBTb0wQitu1bXgwu1fWdwN&grant_type=authorization_code
{'code': '011RHQMm03tMNr19FWNm08SrMm0RHQMO', 'userImg': 'https://wx.qlogo.cn/mmopen/vi_32/Q0j4TwGTfTKiaNDFLxRqCJb4U1V0gAX6ycsKwvGEaBCukJicnGJE8f6rnIkeZCu642HiaRICFLIJPlHztAODZZ77w/132', 'userName': 'Rotl'}
https://api.weixin.qq.com/sns/jscode2session?appid=wxed0b5e2f6f2b7361&secret=5c0b1ba0dd2b57cd3d81dac2932d1b22&js_code=011RHQMm03tMNr19FWNm08SrMm0RHQMO&grant_type=authorization_code
{'code': '021I96lI1YWhA70Qk0kI1JmglI1I96lB', 'userImg': 'https://wx.qlogo.cn/mmopen/vi_32/Q0j4TwGTfTKiaNDFLxRqCJb4U1V0gAX6ycsKwvGEaBCukJicnGJE8f6rnIkeZCu642HiaRICFLIJPlHztAODZZ77w/132', 'userName': 'Rotl'}
https://api.weixin.qq.com/sns/jscode2session?appid=wxed0b5e2f6f2b7361&secret=5c0b1ba0dd2b57cd3d81dac2932d1b22&js_code=021I96lI1YWhA70Qk0kI1JmglI1I96lB&grant_type=authorization_code
{'code': '0713e6Tk1gQ0tk01lRUk1UJVSk13e6TJ', 'userImg': 'https://wx.qlogo.cn/mmopen/vi_32/Q0j4TwGTfTKiaNDFLxRqCJb4U1V0gAX6ycsKwvGEaBCukJicnGJE8f6rnIkeZCu642HiaRICFLIJPlHztAODZZ77w/132', 'userName': 'Rotl'}
https://api.weixin.qq.com/sns/jscode2session?appid=wxed0b5e2f6f2b7361&secret=5c0b1ba0dd2b57cd3d81dac2932d1b22&js_code=0713e6Tk1gQ0tk01lRUk1UJVSk13e6TJ&grant_type=authorization_code
{'code': '001crcB208J6oD14MiC205ymB20crcBg', 'userImg': 'https://wx.qlogo.cn/mmopen/vi_32/Q0j4TwGTfTKiaNDFLxRqCJb4U1V0gAX6ycsKwvGEaBCukJicnGJE8f6rnIkeZCu642HiaRICFLIJPlHztAODZZ77w/132', 'userName': 'Rotl'}
https://api.weixin.qq.com/sns/jscode2session?appid=wxed0b5e2f6f2b7361&secret=5c0b1ba0dd2b57cd3d81dac2932d1b22&js_code=001crcB208J6oD14MiC205ymB20crcBg&grant_type=authorization_code
{'code': '001LeNPj1GHoFl0VddRj1srLPj1LeNPW', 'userImg': 'https://wx.qlogo.cn/mmopen/vi_32/Q0j4TwGTfTKiaNDFLxRqCJb4U1V0gAX6ycsKwvGEaBCukJicnGJE8f6rnIkeZCu642HiaRICFLIJPlHztAODZZ77w/132', 'userName': 'Rotl'}
https://api.weixin.qq.com/sns/jscode2session?appid=wxed0b5e2f6f2b7361&secret=5c0b1ba0dd2b57cd3d81dac2932d1b22&js_code=001LeNPj1GHoFl0VddRj1srLPj1LeNPW&grant_type=authorization_code
{'code': '001T39Ec2EdeaE07yPBc2d4bEc2T39E0', 'userImg': 'https://wx.qlogo.cn/mmopen/vi_32/Q0j4TwGTfTKiaNDFLxRqCJb4U1V0gAX6ycsKwvGEaBCukJicnGJE8f6rnIkeZCu642HiaRICFLIJPlHztAODZZ77w/132', 'userName': 'Rotl'}
https://api.weixin.qq.com/sns/jscode2session?appid=wxed0b5e2f6f2b7361&secret=5c0b1ba0dd2b57cd3d81dac2932d1b22&js_code=001T39Ec2EdeaE07yPBc2d4bEc2T39E0&grant_type=authorization_code
{'code': '061ZzqEy0GnfVg1BBPGy0X3HEy0ZzqEc', 'userImg': 'https://wx.qlogo.cn/mmopen/vi_32/Q0j4TwGTfTKiaNDFLxRqCJb4U1V0gAX6ycsKwvGEaBCukJicnGJE8f6rnIkeZCu642HiaRICFLIJPlHztAODZZ77w/132', 'userName': 'Rotl'}
https://api.weixin.qq.com/sns/jscode2session?appid=wxed0b5e2f6f2b7361&secret=5c0b1ba0dd2b57cd3d81dac2932d1b22&js_code=061ZzqEy0GnfVg1BBPGy0X3HEy0ZzqEc&grant_type=authorization_code
{'code': '0114YIG20ZcvrD1earE20KBJG204YIG8', 'userImg': 'https://wx.qlogo.cn/mmopen/vi_32/Q0j4TwGTfTKiaNDFLxRqCJb4U1V0gAX6ycsKwvGEaBCukJicnGJE8f6rnIkeZCu642HiaRICFLIJPlHztAODZZ77w/132', 'userName': 'Rotl'}
https://api.weixin.qq.com/sns/jscode2session?appid=wxed0b5e2f6f2b7361&secret=5c0b1ba0dd2b57cd3d81dac2932d1b22&js_code=0114YIG20ZcvrD1earE20KBJG204YIG8&grant_type=authorization_code
{'code': '001mEzWo0vUOGr15SOUo0ymTWo0mEzWO', 'userImg': 'https://wx.qlogo.cn/mmopen/vi_32/Q0j4TwGTfTKiaNDFLxRqCJb4U1V0gAX6ycsKwvGEaBCukJicnGJE8f6rnIkeZCu642HiaRICFLIJPlHztAODZZ77w/132', 'userName': 'Rotl'}
https://api.weixin.qq.com/sns/jscode2session?appid=wxed0b5e2f6f2b7361&secret=5c0b1ba0dd2b57cd3d81dac2932d1b22&js_code=001mEzWo0vUOGr15SOUo0ymTWo0mEzWO&grant_type=authorization_code
{'code': '081sPmrp0k7PUp1KEOsp0fVkrp0sPmro', 'userImg': 'https://wx.qlogo.cn/mmopen/vi_32/Q0j4TwGTfTKiaNDFLxRqCJb4U1V0gAX6ycsKwvGEaBCukJicnGJE8f6rnIkeZCu642HiaRICFLIJPlHztAODZZ77w/132', 'userName': 'Rotl'}
https://api.weixin.qq.com/sns/jscode2session?appid=wxed0b5e2f6f2b7361&secret=5c0b1ba0dd2b57cd3d81dac2932d1b22&js_code=081sPmrp0k7PUp1KEOsp0fVkrp0sPmro&grant_type=authorization_code
{'code': '071ncNYI0TRNth2UNAXI0KEyYI0ncNYt', 'userImg': 'https://wx.qlogo.cn/mmopen/vi_32/Q0j4TwGTfTKiaNDFLxRqCJb4U1V0gAX6ycsKwvGEaBCukJicnGJE8f6rnIkeZCu642HiaRICFLIJPlHztAODZZ77w/132', 'userName': 'Rotl'}
https://api.weixin.qq.com/sns/jscode2session?appid=wxed0b5e2f6f2b7361&secret=5c0b1ba0dd2b57cd3d81dac2932d1b22&js_code=071ncNYI0TRNth2UNAXI0KEyYI0ncNYt&grant_type=authorization_code[24/May/2018 03:40:10] "POST /api/login/ HTTP/1.1" 200 56
[24/May/2018 03:40:44] "GET /api/carousel_figure HTTP/1.1" 301 0
[24/May/2018 03:40:44] "GET /api/supervises/ HTTP/1.1" 200 1319
[24/May/2018 03:40:44] "GET /api/goals/ HTTP/1.1" 200 2948
[24/May/2018 03:40:44] "GET /api/carousel_figure/ HTTP/1.1" 200 625
[24/May/2018 03:40:44] "POST /api/login/ HTTP/1.1" 200 56
[24/May/2018 03:41:59] "GET /api/carousel_figure HTTP/1.1" 301 0
[24/May/2018 03:41:59] "GET /api/supervises/ HTTP/1.1" 200 1319
[24/May/2018 03:41:59] "GET /api/goals/ HTTP/1.1" 200 2948
[24/May/2018 03:41:59] "GET /api/carousel_figure/ HTTP/1.1" 200 625
[24/May/2018 03:41:59] "POST /api/login/ HTTP/1.1" 200 56
[24/May/2018 04:00:57] "GET /api/carousel_figure HTTP/1.1" 301 0
[24/May/2018 04:00:57] "GET /api/carousel_figure/ HTTP/1.1" 200 625
[24/May/2018 04:00:57] "GET /api/goals/ HTTP/1.1" 200 2948
[24/May/2018 04:00:57] "GET /api/supervises/ HTTP/1.1" 200 1319
[24/May/2018 04:00:57] "POST /api/login/ HTTP/1.1" 200 56
[24/May/2018 04:04:30] "GET /api/carousel_figure HTTP/1.1" 301 0
[24/May/2018 04:04:30] "GET /api/carousel_figure/ HTTP/1.1" 200 625
[24/May/2018 04:04:30] "GET /api/supervises/ HTTP/1.1" 200 1319
[24/May/2018 04:04:30] "GET /api/goals/ HTTP/1.1" 200 2948
[24/May/2018 04:04:30] "POST /api/login/ HTTP/1.1" 200 56
[24/May/2018 04:08:39] "GET /api/carousel_figure HTTP/1.1" 301 0
[24/May/2018 04:08:39] "GET /api/goals/ HTTP/1.1" 200 2948
[24/May/2018 04:08:39] "GET /api/supervises/ HTTP/1.1" 200 1319
[24/May/2018 04:08:39] "GET /api/carousel_figure/ HTTP/1.1" 200 625
[24/May/2018 04:08:39] "POST /api/login/ HTTP/1.1" 200 56
[24/May/2018 04:12:48] "GET /api/carousel_figure HTTP/1.1" 301 0
[24/May/2018 04:12:49] "POST /api/login/ HTTP/1.1" 200 56
[24/May/2018 04:12:49] "GET /api/supervises/ HTTP/1.1" 200 1319
[24/May/2018 04:12:49] "GET /api/goals/ HTTP/1.1" 200 2948
[24/May/2018 04:12:49] "GET /api/carousel_figure/ HTTP/1.1" 200 625
[24/May/2018 04:12:49] "GET /media/pic_banner_introduce_VQ4NRux.png HTTP/1.1" 304 0
[24/May/2018 04:12:49] "GET /media/pic_banner_proverbs_NXb41fs.png HTTP/1.1" 304 0
[24/May/2018 04:12:49] "GET /media/pic_banner_excercise_5WI79y9.png HTTP/1.1" 304 0
[24/May/2018 04:13:21] "GET /api/carousel_figure HTTP/1.1" 301 0
[24/May/2018 04:13:21] "GET /api/supervises/ HTTP/1.1" 200 1319
[24/May/2018 04:13:21] "GET /api/goals/ HTTP/1.1" 200 2948
[24/May/2018 04:13:21] "GET /api/carousel_figure/ HTTP/1.1" 200 625
[24/May/2018 04:13:22] "POST /api/login/ HTTP/1.1" 200 56
[24/May/2018 04:14:13] "GET /api/carousel_figure HTTP/1.1" 301 0
[24/May/2018 04:14:13] "GET /api/supervises/ HTTP/1.1" 200 1319
[24/May/2018 04:14:13] "GET /api/goals/ HTTP/1.1" 200 2948
[24/May/2018 04:14:13] "GET /api/carousel_figure/ HTTP/1.1" 200 625
[24/May/2018 04:14:14] "POST /api/login/ HTTP/1.1" 200 56
[24/May/2018 04:14:30] "GET /api/clocks/ HTTP/1.1" 200 40
[24/May/2018 04:16:56] "GET /api/carousel_figure HTTP/1.1" 301 0
[24/May/2018 04:16:56] "GET /api/supervises/ HTTP/1.1" 200 1319
[24/May/2018 04:16:56] "GET /api/carousel_figure/ HTTP/1.1" 200 625
[24/May/2018 04:16:56] "GET /api/goals/ HTTP/1.1" 200 2948
[24/May/2018 04:16:57] "POST /api/login/ HTTP/1.1" 200 56
[24/May/2018 04:18:26] "GET /api/carousel_figure HTTP/1.1" 301 0
[24/May/2018 04:18:26] "GET /api/goals/ HTTP/1.1" 200 2948
[24/May/2018 04:18:26] "GET /api/supervises/ HTTP/1.1" 200 1319
[24/May/2018 04:18:26] "GET /api/carousel_figure/ HTTP/1.1" 200 625
[24/May/2018 04:18:26] "POST /api/login/ HTTP/1.1" 200 56
[24/May/2018 04:19:48] "GET /api/carousel_figure HTTP/1.1" 301 0
[24/May/2018 04:19:48] "GET /api/goals/ HTTP/1.1" 200 2948
[24/May/2018 04:19:48] "GET /api/supervises/ HTTP/1.1" 200 1319
[24/May/2018 04:19:48] "GET /api/carousel_figure/ HTTP/1.1" 200 625
[24/May/2018 04:19:48] "POST /api/login/ HTTP/1.1" 200 56
[24/May/2018 04:20:07] "GET /api/carousel_figure HTTP/1.1" 301 0
[24/May/2018 04:20:07] "GET /api/supervises/ HTTP/1.1" 200 1319
[24/May/2018 04:20:07] "GET /api/goals/ HTTP/1.1" 200 2948
[24/May/2018 04:20:07] "GET /api/carousel_figure/ HTTP/1.1" 200 625
[24/May/2018 04:20:07] "POST /api/login/ HTTP/1.1" 200 56
[24/May/2018 04:20:21] "GET /api/carousel_figure HTTP/1.1" 301 0
[24/May/2018 04:20:21] "GET /api/supervises/ HTTP/1.1" 200 1319
[24/May/2018 04:20:21] "GET /api/carousel_figure/ HTTP/1.1" 200 625
[24/May/2018 04:20:21] "GET /api/goals/ HTTP/1.1" 200 2948
[24/May/2018 04:20:21] "POST /api/login/ HTTP/1.1" 200 56
[24/May/2018 04:24:34] "POST /api/login/ HTTP/1.1" 200 56
[24/May/2018 04:24:34] "GET /api/carousel_figure HTTP/1.1" 301 0
[24/May/2018 04:24:34] "GET /api/carousel_figure/ HTTP/1.1" 200 625
[24/May/2018 04:24:34] "GET /api/goals/ HTTP/1.1" 200 2948
[24/May/2018 04:24:34] "GET /api/supervises/ HTTP/1.1" 200 1319
[24/May/2018 04:25:23] "GET /api/carousel_figure HTTP/1.1" 301 0
[24/May/2018 04:25:23] "POST /api/login/ HTTP/1.1" 200 56
[24/May/2018 04:25:23] "GET /api/supervises/ HTTP/1.1" 200 1319
[24/May/2018 04:25:23] "GET /api/carousel_figure/ HTTP/1.1" 200 625
[24/May/2018 04:25:23] "GET /api/goals/ HTTP/1.1" 200 2948
[24/May/2018 04:25:39] "GET /api/carousel_figure HTTP/1.1" 301 0
[24/May/2018 04:25:39] "GET /api/supervises/ HTTP/1.1" 200 1319
[24/May/2018 04:25:39] "GET /api/goals/ HTTP/1.1" 200 2948
[24/May/2018 04:25:39] "GET /api/carousel_figure/ HTTP/1.1" 200 625
[24/May/2018 04:25:40] "POST /api/login/ HTTP/1.1" 200 56
Not Found: /api/goals/undefined/
[24/May/2018 04:25:57] "GET /api/goals/undefined/ HTTP/1.1" 404 23
[24/May/2018 04:25:57] "POST /api/login/ HTTP/1.1" 200 56
[24/May/2018 04:26:18] "POST /api/login/ HTTP/1.1" 200 56
[24/May/2018 04:26:18] "GET /api/carousel_figure HTTP/1.1" 301 0
[24/May/2018 04:26:18] "GET /api/goals/ HTTP/1.1" 200 2948
[24/May/2018 04:26:18] "GET /api/supervises/ HTTP/1.1" 200 1319
[24/May/2018 04:26:18] "GET /api/carousel_figure/ HTTP/1.1" 200 625
[24/May/2018 04:28:11] "GET /api/wallet/ HTTP/1.1" 200 67
[24/May/2018 04:28:11] "GET /api/transaction_records/ HTTP/1.1" 200 1050
[24/May/2018 04:29:14] "GET /api/transaction_records/ HTTP/1.1" 200 1050
[24/May/2018 04:29:14] "GET /api/wallet/ HTTP/1.1" 200 67
[24/May/2018 04:29:14] "GET /api/wallet/ HTTP/1.1" 200 67
